\BOOKMARK [-1][-]{part.1}{\376\377\000I\000\040\000P\000r\000o\000g\000r\000a\000m\000a\000\040\000g\000e\000r\000a\000l\000\040\000d\000o\000\040\000c\000u\000r\000s\000o}{}% 1
\BOOKMARK [0][-]{chapter.1}{\376\377\000I\000.\000\040\000I\000n\000t\000r\000o\000d\000u\000\347\000\343\000o}{part.1}% 2
\BOOKMARK [0][-]{chapter.2}{\376\377\000I\000I\000.\000\040\000D\000e\000t\000e\000r\000m\000i\000n\000a\000\347\000\343\000o\000\040\000d\000e\000\040\000r\000a\000\355\000z\000e\000s}{part.1}% 3
\BOOKMARK [0][-]{chapter.3}{\376\377\000I\000I\000I\000.\000\040\000S\000o\000l\000u\000\347\000\343\000o\000\040\000d\000e\000\040\000s\000i\000s\000t\000e\000m\000a\000s\000\040\000d\000e\000\040\000e\000q\000u\000a\000\347\000\365\000e\000s}{part.1}% 4
\BOOKMARK [0][-]{chapter.4}{\376\377\000I\000V\000.\000\040\000I\000n\000t\000e\000r\000p\000o\000l\000a\000\347\000\343\000o\000\040\000e\000\040\000a\000j\000u\000s\000t\000e\000\040\000d\000e\000\040\000c\000u\000r\000v\000a\000s}{part.1}% 5
\BOOKMARK [0][-]{chapter.5}{\376\377\000V\000.\000\040\000I\000n\000t\000e\000g\000r\000a\000\347\000\343\000o\000\040\000e\000\040\000d\000i\000f\000e\000r\000e\000n\000c\000i\000a\000\347\000\343\000o\000\040\000n\000u\000m\000\351\000r\000i\000c\000a}{part.1}% 6
\BOOKMARK [0][-]{chapter.6}{\376\377\000V\000I\000.\000\040\000M\000\351\000t\000o\000d\000o\000s\000\040\000n\000u\000m\000\351\000r\000i\000c\000o\000s\000\040\000p\000a\000r\000a\000\040\000E\000D\000O\000s}{part.1}% 7
\BOOKMARK [-1][-]{part.2}{\376\377\000I\000I\000\040\000C\000o\000d\000e\000\040\000s\000e\000s\000s\000i\000o\000n\000s}{}% 8
\BOOKMARK [-1][-]{part.3}{\376\377\000I\000I\000I\000\040\000L\000i\000s\000t\000a\000s\000\040\000d\000e\000\040\000e\000x\000e\000r\000c\000\355\000c\000i\000o\000s}{}% 9
\BOOKMARK [-1][-]{part.4}{\376\377\000I\000V\000\040\000C\000o\000n\000t\000e\000\372\000d\000o\000\040\000E\000x\000t\000r\000a}{}% 10
\BOOKMARK [-1][-]{part.5}{\376\377\000V\000\040\000C\000o\000m\000o\000\040\000c\000o\000n\000t\000r\000i\000b\000u\000i\000r\000?}{}% 11
\BOOKMARK [0][-]{chapter.7}{\376\377\000A\000l\000g\000u\000n\000s\000\040\000t\000e\000m\000a\000s\000\040\000a\000b\000e\000r\000t\000o\000s\000\040\000n\000o\000\040\000\342\000m\000b\000i\000t\000o\000\040\000d\000o\000\040\000p\000r\000o\000j\000e\000t\000o\000\040\000N\000u\000m\000b\000i\000o\000s\000i\000s}{part.5}% 12
\BOOKMARK [-1][-]{part.6}{\376\377\000V\000I\000\040\000I\000n\000i\000c\000i\000a\000\347\000\343\000o\000\040\000c\000i\000e\000n\000t\000\355\000f\000i\000c\000a}{}% 13
\BOOKMARK [-1][-]{part.7}{\376\377\000V\000I\000I\000\040\000C\000a\000d\000e\000r\000n\000o\000s}{}% 14
\BOOKMARK [0][-]{chapter.8}{\376\377\000M\000o\000d\000e\000l\000a\000g\000e\000m\000\040\000M\000a\000t\000e\000m\000\341\000t\000i\000c\000a\000\040\000e\000m\000\040\000C\000i\000\352\000n\000c\000i\000a\000s\000\040\000C\000o\000m\000p\000u\000t\000a\000c\000i\000o\000n\000a\000i\000s\000\040\000e\000\040\000E\000n\000g\000e\000n\000h\000a\000r\000i\000a\000s}{part.7}% 15
\BOOKMARK [1][-]{section.8.1}{\376\377\000M\000o\000d\000e\000l\000o\000s\000\040\000m\000a\000t\000e\000m\000\341\000t\000i\000c\000o\000s}{chapter.8}% 16
\BOOKMARK [1][-]{section.8.2}{\376\377\000O\000\040\000s\000a\000l\000t\000o\000\040\000d\000e\000\040\000p\000a\000r\000a\000q\000u\000e\000d\000a\000s\000\040\000d\000e\000\040\000Y\000a\000n\000\040\000e\000\040\000C\000e\000l\000s\000o}{chapter.8}% 17
\BOOKMARK [2][-]{subsection.8.2.1}{\376\377\000D\000e\000s\000l\000o\000c\000a\000m\000e\000n\000t\000o\000\040\000a\000t\000\351\000\040\000a\000\040\000a\000b\000e\000r\000t\000u\000r\000a\000\040\000d\000o\000\040\000p\000a\000r\000a\000q\000u\000e\000d\000a\000s}{section.8.2}% 18
\BOOKMARK [1][-]{section.8.3}{\376\377\000P\000r\000o\000g\000r\000a\000m\000a\000\347\000\343\000o\000\040\000e\000s\000t\000r\000u\000t\000u\000r\000a\000d\000a\000\040\000e\000\040\000m\000o\000d\000u\000l\000a\000r}{chapter.8}% 19
\BOOKMARK [2][-]{subsection.8.3.1}{\376\377\000P\000r\000g\000r\000a\000m\000a\000\347\000\343\000o\000\040\000e\000s\000t\000r\000u\000t\000u\000r\000a\000d\000a}{section.8.3}% 20
\BOOKMARK [2][-]{subsection.8.3.2}{\376\377\000P\000r\000o\000g\000r\000a\000m\000a\000\347\000\343\000o\000\040\000m\000o\000d\000u\000l\000a\000r}{section.8.3}% 21
\BOOKMARK [3][-]{subsubsection*.3}{\376\377\000E\000x\000e\000m\000p\000l\000o\000:\000\040\000u\000s\000a\000n\000d\000o\000\040\000a\000\040\000c\000l\000a\000s\000s\000e\000\040\000p\000o\000n\000t\000o\000.\000p\000y\000\040\000p\000a\000r\000a\000\040\000c\000a\000l\000c\000u\000l\000a\000r\000\040\000a\000\040\000\341\000r\000e\000a\000\040\000d\000e\000\040\000u\000m\000\040\000t\000r\000i\000\342\000n\000g\000u\000l\000o\000\040\000r\000e\000t\000\342\000n\000g\000u\000l\000o}{subsection.8.3.2}% 22
\BOOKMARK [3][-]{subsubsection*.4}{\376\377\000E\000x\000e\000m\000p\000l\000o\000:\000\040\000u\000s\000a\000n\000d\000o\000\040\000a\000\040\000c\000l\000a\000s\000s\000e\000\040\000p\000o\000n\000t\000o\000.\000p\000y\000\040\000p\000a\000r\000a\000\040\000c\000a\000l\000c\000u\000l\000a\000r\000\040\000a\000\040\000\341\000r\000e\000a\000\040\000d\000e\000\040\000u\000m\000\040\000t\000r\000i\000\342\000n\000g\000u\000l\000o\000\040\000q\000u\000a\000l\000q\000u\000e\000r}{subsection.8.3.2}% 23
\BOOKMARK [1][-]{section.8.4}{\376\377\000O\000\040\000q\000u\000a\000r\000t\000o\000\040\000p\000a\000r\000a\000d\000i\000g\000m\000a\000\040\000d\000a\000\040\000c\000i\000\352\000n\000c\000i\000a}{chapter.8}% 24
\BOOKMARK [2][-]{subsection.8.4.1}{\376\377\000C\000i\000\352\000n\000c\000i\000a\000\040\000e\000\040\000E\000n\000g\000e\000n\000h\000a\000r\000i\000a\000\040\000C\000o\000m\000p\000u\000t\000a\000c\000i\000o\000n\000a\000l}{section.8.4}% 25
\BOOKMARK [2][-]{subsection.8.4.2}{\376\377\000P\000o\000r\000\040\000q\000u\000e\000\040\000a\000\040\000C\000S\000E\000\040\000i\000m\000p\000o\000r\000t\000a\000\040\000e\000m\000\040\000u\000m\000\040\000m\000u\000n\000d\000o\000\040\000d\000e\000\040\000d\000a\000d\000o\000s\000?}{section.8.4}% 26
\BOOKMARK [2][-]{subsection.8.4.3}{\376\377\000E\000n\000g\000e\000n\000h\000a\000r\000i\000a\000\040\000c\000e\000n\000t\000r\000a\000d\000a\000\040\000e\000m\000\040\000d\000a\000d\000o\000s\000:\000\040\000u\000m\000\040\000n\000o\000v\000o\000\040\000r\000a\000m\000o\000\040\000n\000a\000\040\000\341\000r\000v\000o\000r\000e\000\040\000d\000o\000\040\000f\000u\000t\000u\000r\000o\000?}{section.8.4}% 27
\BOOKMARK [2][-]{subsection.8.4.4}{\376\377\000E\000n\000g\000e\000n\000h\000a\000r\000i\000a\000\040\000c\000o\000m\000p\000u\000t\000a\000c\000i\000o\000n\000a\000l\000\040\000n\000o\000\040\000e\000n\000f\000r\000e\000n\000t\000a\000m\000e\000n\000t\000o\000\040\000d\000a\000\040\000C\000o\000v\000i\000d\000-\0001\0009}{section.8.4}% 28
\BOOKMARK [1][-]{section.8.5}{\376\377\000C\000o\000n\000s\000i\000d\000e\000r\000a\000\347\000\365\000e\000s\000\040\000f\000i\000n\000a\000i\000s}{chapter.8}% 29
\BOOKMARK [0][-]{chapter.9}{\376\377\000C\000o\000n\000v\000e\000r\000s\000\343\000o\000\040\000n\000u\000m\000\351\000r\000i\000c\000a\000\040\000e\000\040\000p\000o\000n\000t\000o\000\040\000f\000l\000u\000t\000u\000a\000n\000t\000e}{part.7}% 30
\BOOKMARK [1][-]{section.9.1}{\376\377\000S\000i\000s\000t\000e\000m\000a\000\040\000b\000i\000n\000\341\000r\000i\000o}{chapter.9}% 31
\BOOKMARK [2][-]{subsection.9.1.1}{\376\377\000E\000x\000e\000r\000c\000\355\000c\000i\000o\000s\000\040\000d\000e\000\040\000c\000o\000n\000v\000e\000r\000s\000\343\000o\000\040\000n\000u\000m\000\351\000r\000i\000c\000a}{section.9.1}% 32
\BOOKMARK [1][-]{section.9.2}{\376\377\000M\000\341\000q\000u\000i\000n\000a\000\040\000b\000i\000n\000\341\000r\000i\000a}{chapter.9}% 33
\BOOKMARK [1][-]{section.9.3}{\376\377\000S\000i\000s\000t\000e\000m\000a\000\040\000d\000e\000\040\000p\000o\000n\000t\000o\000\040\000f\000l\000u\000t\000u\000a\000n\000t\000e}{chapter.9}% 34
\BOOKMARK [2][-]{subsection.9.3.1}{\376\377\000A\000\040\000r\000e\000t\000a\000\040\040\034\000p\000e\000r\000f\000u\000r\000a\000d\000a\040\035}{section.9.3}% 35
\BOOKMARK [1][-]{section.9.4}{\376\377\000S\000i\000m\000u\000l\000a\000d\000o\000r\000\040\000d\000e\000\040\000F}{chapter.9}% 36
\BOOKMARK [1][-]{section.9.5}{\376\377\000L\000i\000m\000i\000t\000e\000s\000\040\000d\000e\000\040\000m\000\341\000q\000u\000i\000n\000a\000\040\000p\000a\000r\000a\000\040\000p\000o\000n\000t\000o\000\040\000f\000l\000u\000t\000u\000a\000n\000t\000e}{chapter.9}% 37
\BOOKMARK [0][-]{chapter.10}{\376\377\000E\000r\000r\000o\000s\000\040\000n\000u\000m\000\351\000r\000i\000c\000o\000s\000\040\000e\000\040\000s\000e\000u\000s\000\040\000e\000f\000e\000i\000t\000o\000s}{part.7}% 38
\BOOKMARK [1][-]{section.10.1}{\376\377\000M\000o\000t\000i\000v\000a\000\347\000\343\000o}{chapter.10}% 39
\BOOKMARK [2][-]{subsection.10.1.1}{\376\377\000F\000u\000n\000\347\000\343\000o\000\040\000d\000e\000\040\000A\000i\000r\000y}{section.10.1}% 40
\BOOKMARK [1][-]{section.10.2}{\376\377\000E\000r\000r\000o\000\040\000d\000e\000\040\000c\000a\000n\000c\000e\000l\000a\000m\000e\000n\000t\000o}{chapter.10}% 41
\BOOKMARK [1][-]{section.10.3}{\376\377\000P\000r\000o\000p\000a\000g\000a\000\347\000\343\000o\000\040\000d\000e\000\040\000e\000r\000r\000o\000s}{chapter.10}% 42
\BOOKMARK [0][-]{chapter.11}{\376\377\000A\000n\000\341\000l\000i\000s\000e\000\040\000g\000r\000\341\000f\000i\000c\000a\000,\000\040\000l\000o\000c\000a\000l\000i\000z\000a\000\347\000\343\000o\000\040\000e\000\040\000r\000e\000f\000i\000n\000a\000m\000e\000n\000t\000o\000\040\000d\000e\000\040\000r\000a\000\355\000z\000e\000s}{part.7}% 43
\BOOKMARK [1][-]{section.11.1}{\376\377\000E\000s\000t\000u\000d\000o\000\040\000d\000e\000\040\000c\000a\000s\000o\000:\000\040\000s\000a\000l\000t\000o\000\040\000d\000o\000\040\000p\000a\000r\000a\000q\000u\000e\000d\000i\000s\000t\000a}{chapter.11}% 44
\BOOKMARK [1][-]{section.11.2}{\376\377\000M\000\351\000t\000o\000d\000o\000s\000\040\000i\000t\000e\000r\000a\000t\000i\000v\000o\000s}{chapter.11}% 45
\BOOKMARK [1][-]{section.11.3}{\376\377\000D\000e\000t\000e\000r\000m\000i\000n\000a\000\347\000\343\000o\000\040\000d\000e\000\040\000r\000a\000\355\000z\000e\000s\000\040\000p\000o\000r\000\040\000f\000o\000r\000\347\000a\000\040\000b\000r\000u\000t\000a}{chapter.11}% 46
\BOOKMARK [2][-]{subsection.11.3.1}{\376\377\000A\000l\000g\000o\000r\000i\000t\000m\000o\000\040\000n\000u\000m\000\351\000r\000i\000c\000o}{section.11.3}% 47
\BOOKMARK [0][-]{chapter.12}{\376\377\000I\000m\000p\000l\000e\000m\000e\000n\000t\000a\000\347\000\365\000e\000s\000\040\000d\000o\000\040\000m\000\351\000t\000o\000d\000o\000\040\000d\000a\000\040\000b\000i\000s\000s\000e\000\347\000\343\000o}{part.7}% 48
\BOOKMARK [1][-]{section.12.1}{\376\377\000T\000a\000r\000e\000f\000a\000s}{chapter.12}% 49
\BOOKMARK [1][-]{section.12.2}{\376\377\000T\000a\000r\000e\000f\000a\000:\000\040\000F\000a\000l\000s\000a\000\040\000P\000o\000s\000i\000\347\000\343\000o}{chapter.12}% 50
\BOOKMARK [0][-]{chapter.13}{\376\377\000M\000\351\000t\000o\000d\000o\000\040\000d\000a\000\040\000I\000t\000e\000r\000a\000\347\000\343\000o\000\040\000L\000i\000n\000e\000a\000r\000\040\000\050\000P\000o\000n\000t\000o\000\040\000F\000i\000x\000o\000\051}{part.7}% 51
\BOOKMARK [1][-]{section.13.1}{\376\377\000E\000x\000e\000m\000p\000l\000o}{chapter.13}% 52
\BOOKMARK [1][-]{section.13.2}{\376\377\000E\000x\000e\000m\000p\000l\000o}{chapter.13}% 53
\BOOKMARK [1][-]{section.13.3}{\376\377\000I\000m\000p\000l\000e\000m\000e\000n\000t\000a\000\347\000\343\000o\000\040\000d\000o\000\040\000m\000\351\000t\000o\000d\000o\000\040\000d\000o\000\040\000p\000o\000n\000t\000o\000\040\000f\000i\000x\000o}{chapter.13}% 54
\BOOKMARK [1][-]{section.13.4}{\376\377\000E\000s\000t\000u\000d\000o\000\040\000d\000e\000\040\000c\000a\000s\000o\000:\000\040\000f\000\050\000x\000\051\000\040\000=\000\040\000x\0002\000\040\000+\000\040\000x\000\040\000-\000\040\0006}{chapter.13}% 55
\BOOKMARK [0][-]{chapter.14}{\376\377\000I\000m\000p\000l\000e\000m\000e\000n\000t\000a\000\347\000\343\000o\000\040\000d\000o\000\040\000m\000\351\000t\000o\000d\000o\000\040\000d\000e\000\040\000N\000e\000w\000t\000o\000n}{part.7}% 56
\BOOKMARK [1][-]{section.14.1}{\376\377\000D\000e\000s\000a\000f\000i\000o}{chapter.14}% 57
\BOOKMARK [2][-]{subsection.14.1.1}{\376\377\000P\000r\000o\000b\000l\000e\000m\000a\000\040\000a\000p\000l\000i\000c\000a\000d\000o}{section.14.1}% 58
\BOOKMARK [2][-]{subsection.14.1.2}{\376\377\000S\000o\000l\000u\000\347\000\343\000o\000\040\000p\000o\000r\000\040\000f\000u\000n\000\347\000\343\000o\000\040\000r\000e\000s\000i\000d\000e\000n\000t\000e}{section.14.1}% 59
\BOOKMARK [1][-]{section.14.2}{\376\377\000L\000o\000c\000a\000l\000i\000z\000a\000\347\000\343\000o}{chapter.14}% 60
\BOOKMARK [1][-]{section.14.3}{\376\377\000R\000e\000f\000i\000n\000a\000m\000e\000n\000t\000o}{chapter.14}% 61
\BOOKMARK [0][-]{chapter.15}{\376\377\000I\000m\000p\000l\000e\000m\000e\000n\000t\000a\000\347\000\343\000o\000\040\000d\000o\000\040\000m\000\351\000t\000o\000d\000o\000\040\000d\000a\000\040\000s\000e\000c\000a\000n\000t\000e}{part.7}% 62
\BOOKMARK [1][-]{section.15.1}{\376\377\000P\000r\000o\000b\000l\000e\000m\000a}{chapter.15}% 63
\BOOKMARK [2][-]{subsection.15.1.1}{\376\377\000R\000e\000s\000o\000l\000u\000\347\000\343\000o}{section.15.1}% 64
\BOOKMARK [0][-]{chapter.16}{\376\377\000R\000a\000\355\000z\000e\000s\000\040\000d\000e\000\040\000p\000o\000l\000i\000n\000\364\000m\000i\000o\000s\000\040\000c\000o\000m\000\040\000o\000\040\000m\000\351\000t\000o\000d\000o\000\040\000d\000e\000\040\000M\000\374\000l\000l\000e\000r}{part.7}% 65
\BOOKMARK [1][-]{section.16.1}{\376\377\000C\000o\000m\000p\000u\000t\000a\000\347\000\343\000o\000\040\000c\000o\000m\000\040\000p\000o\000l\000i\000n\000\364\000m\000i\000o\000s}{chapter.16}% 66
\BOOKMARK [1][-]{section.16.2}{\376\377\000C\000a\000l\000c\000u\000l\000a\000n\000d\000o\000\040\000r\000a\000\355\000z\000e\000s\000\040\000d\000e\000\040\000p\000o\000l\000i\000n\000\364\000m\000i\000o\000s}{chapter.16}% 67
\BOOKMARK [1][-]{section.16.3}{\376\377\000A\000v\000a\000l\000i\000a\000n\000d\000o\000\040\000p\000o\000l\000i\000n\000\364\000m\000i\000o\000s}{chapter.16}% 68
\BOOKMARK [1][-]{section.16.4}{\376\377\000I\000m\000p\000l\000e\000m\000e\000n\000t\000a\000\347\000\343\000o\000:\000\040\000M\000\351\000t\000o\000d\000o\000\040\000d\000e\000\040\000M\000\374\000l\000l\000e\000r}{chapter.16}% 69
\BOOKMARK [1][-]{section.16.5}{\376\377\000E\000x\000e\000m\000p\000l\000o\000s}{chapter.16}% 70
\BOOKMARK [0][-]{chapter.17}{\376\377\000\301\000l\000g\000e\000b\000r\000a\000\040\000l\000i\000n\000e\000a\000r\000\040\000c\000o\000m\000\040\000P\000y\000t\000h\000o\000n\000:\000\040\000E\000l\000i\000m\000i\000n\000a\000\347\000\343\000o\000\040\000G\000a\000u\000s\000s\000i\000a\000n\000a\000\040\000e\000\040\000C\000o\000n\000d\000i\000c\000i\000o\000n\000a\000m\000e\000n\000t\000o}{part.7}% 71
\BOOKMARK [1][-]{section.17.1}{\376\377\000S\000o\000l\000u\000\347\000\343\000o\000\040\000d\000e\000\040\000s\000i\000s\000t\000e\000m\000a\000s\000\040\000l\000i\000n\000e\000a\000r\000e\000s}{chapter.17}% 72
\BOOKMARK [1][-]{section.17.2}{\376\377\000I\000n\000v\000e\000r\000s\000\343\000o\000\040\000d\000e\000\040\000m\000a\000t\000r\000i\000z\000e\000s}{chapter.17}% 73
\BOOKMARK [1][-]{section.17.3}{\376\377\000V\000e\000r\000i\000f\000i\000c\000a\000\347\000\343\000o\000\040\000d\000a\000\040\000s\000o\000l\000u\000\347\000\343\000o}{chapter.17}% 74
\BOOKMARK [0][-]{chapter.18}{\376\377\000E\000l\000i\000m\000i\000n\000a\000\347\000\343\000o\000\040\000G\000a\000u\000s\000s\000i\000a\000n\000a}{part.7}% 75
\BOOKMARK [1][-]{section.18.1}{\376\377\000P\000a\000s\000s\000o\000s}{chapter.18}% 76
\BOOKMARK [1][-]{section.18.2}{\376\377\000C\000o\000n\000d\000i\000c\000i\000o\000n\000a\000m\000e\000n\000t\000o}{chapter.18}% 77
\BOOKMARK [1][-]{section.18.3}{\376\377\000M\000\351\000t\000o\000d\000o\000\040\000d\000e\000\040\000G\000a\000u\000s\000s\000-\000J\000o\000r\000d\000a\000n}{chapter.18}% 78
\BOOKMARK [1][-]{section.18.4}{\376\377\000N\000o\000t\000a\000s}{chapter.18}% 79
\BOOKMARK [1][-]{section.18.5}{\376\377\000T\000a\000r\000e\000f\000a}{chapter.18}% 80
\BOOKMARK [0][-]{chapter.19}{\376\377\000F\000a\000t\000o\000r\000a\000\347\000\343\000o\000\040\000L\000U\000\040\000c\000o\000m\000\040\000P\000y\000t\000h\000o\000n}{part.7}% 81
\BOOKMARK [1][-]{section.19.1}{\376\377\000D\000e\000c\000o\000m\000p\000o\000s\000i\000\347\000\343\000o\000\040\000L\000U}{chapter.19}% 82
\BOOKMARK [2][-]{subsection.19.1.1}{\376\377\000E\000x\000e\000m\000p\000l\000o}{section.19.1}% 83
\BOOKMARK [1][-]{section.19.2}{\376\377\000U\000s\000a\000n\000d\000o\000\040\000a\000\040\000d\000e\000c\000o\000m\000p\000o\000s\000i\000\347\000\343\000o\000\040\000L\000U\000\040\000p\000a\000r\000a\000\040\000r\000e\000s\000o\000l\000v\000e\000r\000\040\000s\000i\000s\000t\000e\000m\000a\000s\000\040\000d\000e\000\040\000e\000q\000u\000a\000\347\000\365\000e\000s}{chapter.19}% 84
\BOOKMARK [2][-]{subsection.19.2.1}{\376\377\000E\000x\000e\000m\000p\000l\000o}{section.19.2}% 85
\BOOKMARK [0][-]{chapter.20}{\376\377\000F\000a\000t\000o\000r\000a\000\347\000\343\000o\000\040\000d\000e\000\040\000C\000h\000o\000l\000e\000s\000k\000y}{part.7}% 86
\BOOKMARK [1][-]{section.20.1}{\376\377\000M\000a\000t\000r\000i\000z\000e\000s\000\040\000p\000o\000s\000i\000t\000i\000v\000a\000s\000\040\000d\000e\000f\000i\000n\000i\000d\000a\000s}{chapter.20}% 87
\BOOKMARK [2][-]{subsection.20.1.1}{\376\377\000I\000n\000t\000e\000r\000p\000r\000e\000t\000a\000\347\000\343\000o\000\040\000g\000e\000o\000m\000\351\000t\000r\000i\000c\000a}{section.20.1}% 88
\BOOKMARK [1][-]{section.20.2}{\376\377\000M\000\351\000t\000o\000d\000o\000\040\000d\000a\000\040\000F\000a\000t\000o\000r\000a\000\347\000\343\000o\000\040\000d\000e\000\040\000C\000h\000o\000l\000e\000s\000k\000y}{chapter.20}% 89
\BOOKMARK [2][-]{subsection.20.2.1}{\376\377\000P\000a\000s\000s\000o\000s}{section.20.2}% 90
\BOOKMARK [1][-]{section.20.3}{\376\377\000A\000l\000g\000o\000r\000i\000t\000m\000o\000\040\000p\000a\000r\000a\000\040\000a\000\040\000f\000a\000t\000o\000r\000a\000\347\000\343\000o\000\040\000d\000e\000\040\000C\000h\000o\000l\000e\000s\000k\000y}{chapter.20}% 91
\BOOKMARK [2][-]{subsection.20.3.1}{\376\377\000T\000a\000r\000e\000f\000a}{section.20.3}% 92
\BOOKMARK [1][-]{section.20.4}{\376\377\000C\000\341\000l\000c\000u\000l\000o\000\040\000d\000o\000\040\000f\000a\000t\000o\000r\000\040\000d\000e\000\040\000C\000h\000o\000l\000e\000s\000k\000y\000\040\000c\000o\000m\000\040\000P\000y\000t\000h\000o\000n}{chapter.20}% 93
\BOOKMARK [0][-]{chapter.21}{\376\377\000M\000\351\000t\000o\000d\000o\000\040\000d\000e\000\040\000J\000a\000c\000o\000b\000i\000-\000R\000i\000c\000h\000a\000r\000d\000s\000o\000n}{part.7}% 94
\BOOKMARK [1][-]{section.21.1}{\376\377\000I\000n\000s\000t\000a\000l\000a\000\347\000\365\000e\000s\000\040\000n\000e\000c\000e\000s\000s\000\341\000r\000i\000a\000s}{chapter.21}% 95
\BOOKMARK [1][-]{section.21.2}{\376\377\000D\000e\000s\000c\000r\000i\000\347\000\343\000o\000\040\000d\000o\000\040\000m\000\351\000t\000o\000d\000o}{chapter.21}% 96
\BOOKMARK [1][-]{section.21.3}{\376\377\000C\000r\000i\000t\000\351\000r\000i\000o\000\040\000d\000a\000s\000\040\000l\000i\000n\000h\000a\000s}{chapter.21}% 97
\BOOKMARK [1][-]{section.21.4}{\376\377\000V\000a\000n\000t\000a\000g\000e\000n\000s\000\040\000e\000\040\000d\000e\000s\000v\000a\000n\000t\000a\000g\000e\000n\000s\000\040\000d\000o\000\040\000m\000\351\000t\000o\000d\000o}{chapter.21}% 98
\BOOKMARK [1][-]{section.21.5}{\376\377\000I\000m\000p\000l\000e\000m\000e\000n\000t\000a\000\347\000\343\000o\000\040\000d\000o\000\040\000m\000\351\000t\000o\000d\000o\000\040\000d\000e\000\040\000J\000a\000c\000o\000b\000i}{chapter.21}% 99
\BOOKMARK [2][-]{subsection.21.5.1}{\376\377\000T\000a\000r\000e\000f\000a\000\040\000p\000a\000r\000a\000\040\000t\000u\000r\000m\000a\000\040\000d\000e\000\040\000c\000o\000m\000p\000u\000t\000a\000\347\000\343\000o\000:}{section.21.5}% 100
\BOOKMARK [0][-]{chapter.22}{\376\377\000M\000\351\000t\000o\000d\000o\000\040\000d\000e\000\040\000N\000e\000w\000t\000o\000n\000\040\000p\000a\000r\000a\000\040\000s\000i\000s\000t\000e\000m\000a\000s\000\040\000n\000\343\000o\000-\000l\000i\000n\000e\000a\000r\000e\000s}{part.7}% 101
\BOOKMARK [1][-]{section.22.1}{\376\377\000P\000a\000s\000s\000o\000s}{chapter.22}% 102
\BOOKMARK [2][-]{subsection.22.1.1}{\376\377\000E\000x\000e\000r\000c\000\355\000c\000i\000o\000:}{section.22.1}% 103
\BOOKMARK [0][-]{chapter.23}{\376\377\000N\000o\000t\000a\000:\000\040\000R\000a\000\355\000z\000e\000s\000\040\000d\000e\000\040\000s\000i\000s\000t\000e\000m\000a\000s\000\040\000n\000\343\000o\000-\000l\000i\000n\000e\000a\000r\000e\000s}{part.7}% 104
\BOOKMARK [1][-]{section.23.1}{\376\377\000I\000t\000e\000r\000a\000\347\000\343\000o\000\040\000d\000e\000\040\000P\000o\000n\000t\000o\000\040\000F\000i\000x\000o\000\040\000p\000a\000r\000a\000\040\000s\000i\000s\000t\000e\000m\000a\000s\000\040\000n\000\343\000o\000-\000l\000i\000n\000e\000a\000r\000e\000s}{chapter.23}% 105
\BOOKMARK [1][-]{section.23.2}{\376\377\000N\000e\000w\000t\000o\000n\000-\000R\000a\000p\000h\000s\000o\000n\000\040\000p\000a\000r\000a\000\040\000s\000i\000s\000t\000e\000m\000a\000\040\000n\000\343\000o\000-\000l\000i\000n\000e\000a\000r}{chapter.23}% 106
\BOOKMARK [0][-]{chapter.24}{\376\377\000P\000o\000l\000i\000n\000\364\000m\000i\000o\000\040\000I\000n\000t\000e\000r\000p\000o\000l\000a\000d\000o\000r\000\040\000d\000e\000\040\000L\000a\000g\000r\000a\000n\000g\000e}{part.7}% 107
\BOOKMARK [0][-]{chapter.25}{\376\377\000F\000u\000n\000\347\000\365\000e\000s\000\040\000d\000e\000\040\000b\000a\000s\000e\000\040\000d\000e\000\040\000L\000a\000g\000r\000a\000n\000g\000e}{part.7}% 108
\BOOKMARK [0][-]{chapter.26}{\376\377\000P\000o\000l\000i\000n\000\364\000m\000i\000o\000\040\000I\000n\000t\000e\000r\000p\000o\000l\000a\000d\000o\000r\000\040\000d\000e\000\040\000N\000e\000w\000t\000o\000n\000\040\000\050\000D\000i\000f\000e\000r\000e\000n\000\347\000a\000s\000\040\000D\000i\000v\000i\000d\000i\000d\000a\000s\000\051}{part.7}% 109
\BOOKMARK [1][-]{section.26.1}{\376\377\000I\000n\000t\000e\000r\000p\000o\000l\000a\000\347\000\343\000o\000\040\000L\000i\000n\000e\000a\000r}{chapter.26}% 110
\BOOKMARK [1][-]{section.26.2}{\376\377\000I\000n\000t\000e\000r\000p\000o\000l\000a\000\347\000\343\000o\000\040\000Q\000u\000a\000d\000r\000\341\000t\000i\000c\000a}{chapter.26}% 111
\BOOKMARK [1][-]{section.26.3}{\376\377\000F\000o\000r\000m\000a\000\040\000G\000e\000r\000a\000l\000\040\000d\000o\000s\000\040\000P\000o\000l\000i\000n\000\364\000m\000i\000o\000s\000\040\000I\000n\000t\000e\000r\000p\000o\000l\000a\000d\000o\000r\000e\000s\000\040\000d\000e\000\040\000N\000e\000w\000t\000o\000n}{chapter.26}% 112
\BOOKMARK [1][-]{section.26.4}{\376\377\000F\000u\000n\000\347\000\365\000e\000s\000\040\000d\000e\000\040\000B\000a\000s\000e\000\040\000d\000e\000\040\000N\000e\000w\000t\000o\000n}{chapter.26}% 113
\BOOKMARK [2][-]{subsection.26.4.1}{\376\377\000E\000x\000e\000m\000p\000l\000o\000:}{section.26.4}% 114
\BOOKMARK [2][-]{subsection.26.4.2}{\376\377\000E\000x\000e\000m\000p\000l\000o\000:}{section.26.4}% 115
\BOOKMARK [2][-]{subsection.26.4.3}{\376\377\000E\000x\000e\000m\000p\000l\000o\000:}{section.26.4}% 116
\BOOKMARK [1][-]{section.26.5}{\376\377\000C\000o\000m\000p\000a\000r\000a\000\347\000\343\000o\000\040\000\050\000z\000o\000o\000m\000\051}{chapter.26}% 117
\BOOKMARK [0][-]{chapter.27}{\376\377\000A\000j\000u\000s\000t\000e\000\040\000d\000e\000\040\000C\000u\000r\000v\000a\000s\000\040\000p\000o\000r\000\040\000M\000\355\000n\000i\000m\000o\000s\000\040\000Q\000u\000a\000d\000r\000a\000d\000o\000s}{part.7}% 118
\BOOKMARK [1][-]{section.27.1}{\376\377\000R\000e\000g\000r\000e\000s\000s\000\343\000o\000\040\000L\000i\000n\000e\000a\000r}{chapter.27}% 119
\BOOKMARK [2][-]{subsection.27.1.1}{\376\377\000C\000r\000i\000t\000\351\000r\000i\000o\000\040\000p\000a\000r\000a\000\040\000u\000m\000\040\000M\000e\000l\000h\000o\000r\000\040\000A\000j\000u\000s\000t\000e}{section.27.1}% 120
\BOOKMARK [2][-]{subsection.27.1.2}{\376\377\000A\000j\000u\000s\000t\000e\000\040\000p\000o\000r\000\040\000M\000\355\000n\000i\000m\000o\000s\000\040\000Q\000u\000a\000d\000r\000a\000d\000o\000s\000\040\000p\000o\000r\000\040\000u\000m\000a\000\040\000R\000e\000t\000a}{section.27.1}% 121
\BOOKMARK [2][-]{subsection.27.1.3}{\376\377\000Q\000u\000a\000n\000t\000i\000f\000i\000c\000a\000\347\000\343\000o\000\040\000d\000o\000\040\000E\000r\000r\000o\000\040\000d\000a\000\040\000R\000e\000g\000r\000e\000s\000s\000\343\000o\000\040\000L\000i\000n\000e\000a\000r}{section.27.1}% 122
\BOOKMARK [1][-]{section.27.2}{\376\377\000R\000e\000g\000r\000e\000s\000s\000\343\000o\000\040\000P\000o\000l\000i\000n\000o\000m\000i\000a\000l}{chapter.27}% 123
\BOOKMARK [1][-]{section.27.3}{\376\377\000N\000o\000t\000a}{chapter.27}% 124
\BOOKMARK [1][-]{section.27.4}{\376\377\000M\000o\000t\000i\000v\000a\000\347\000\343\000o\000:\000\040\000E\000v\000o\000l\000u\000\347\000\343\000o\000\040\000d\000a\000\040\000P\000o\000p\000u\000l\000a\000\347\000\343\000o\000\040\000P\000a\000r\000a\000i\000b\000a\000n\000a}{chapter.27}% 125
\BOOKMARK [1][-]{section.27.5}{\376\377\000E\000x\000e\000m\000p\000l\000o}{chapter.27}% 126
\BOOKMARK [0][-]{chapter.28}{\376\377\000A\000j\000u\000s\000t\000e\000\040\000d\000e\000\040\000c\000u\000r\000v\000a\000s\000:\000\040\000c\000a\000s\000o\000\040\000n\000\343\000o\000-\000l\000i\000n\000e\000a\000r}{part.7}% 127
\BOOKMARK [1][-]{section.28.1}{\376\377\000M\000o\000t\000i\000v\000a\000\347\000\343\000o\000:\000\040\000c\000o\000m\000p\000o\000r\000t\000a\000m\000e\000n\000t\000o\000\040\000d\000e\000\040\000f\000l\000u\000i\000d\000o\000s\000\040\000l\000e\000i\000\040\000d\000e\000\040\000p\000o\000t\000\352\000n\000c\000i\000a}{chapter.28}% 128
\BOOKMARK [1][-]{section.28.2}{\376\377\000E\000x\000e\000m\000p\000l\000o}{chapter.28}% 129
\BOOKMARK [2][-]{subsection.28.2.1}{\376\377\000E\000x\000e\000r\000c\000\355\000c\000i\000o}{section.28.2}% 130
\BOOKMARK [0][-]{chapter.29}{\376\377\000I\000n\000t\000e\000g\000r\000a\000\347\000\343\000o\000\040\000N\000u\000m\000\351\000r\000i\000c\000a\000:\000\040\000R\000e\000g\000r\000a\000s\000\040\000d\000e\000\040\000N\000e\000w\000t\000o\000n\000-\000C\000o\000t\000e\000s}{part.7}% 131
\BOOKMARK [1][-]{section.29.1}{\376\377\000A\000\040\000R\000e\000g\000r\000a\000\040\000d\000o\000\040\000T\000r\000a\000p\000\351\000z\000i\000o}{chapter.29}% 132
\BOOKMARK [1][-]{section.29.2}{\376\377\000A\000p\000l\000i\000c\000a\000\347\000\343\000o\000\040\000M\000\372\000l\000t\000i\000p\000l\000a\000\040\000d\000a\000\040\000R\000e\000g\000r\000a\000\040\000d\000o\000\040\000T\000r\000a\000p\000\351\000z\000i\000o}{chapter.29}% 133
\BOOKMARK [1][-]{section.29.3}{\376\377\000A\000\040\000R\000e\000g\000r\000a\000\040\0001\000/\0003\000\040\000d\000e\000\040\000S\000i\000m\000p\000s\000o\000n}{chapter.29}% 134
\BOOKMARK [1][-]{section.29.4}{\376\377\000A\000p\000l\000i\000c\000a\000\347\000\365\000e\000s\000\040\000M\000\372\000l\000t\000i\000p\000l\000a\000s\000\040\000d\000a\000\040\000R\000e\000g\000r\000a\000\040\0001\000/\0003\000\040\000d\000e\000\040\000S\000i\000m\000p\000s\000o\000n}{chapter.29}% 135
\BOOKMARK [1][-]{section.29.5}{\376\377\000R\000e\000g\000r\000a\000\040\0003\000/\0008\000\040\000d\000e\000\040\000S\000i\000m\000p\000s\000o\000n}{chapter.29}% 136
\BOOKMARK [1][-]{section.29.6}{\376\377\000I\000n\000t\000e\000g\000r\000a\000\347\000\343\000o\000\040\000c\000o\000m\000\040\000S\000e\000g\000m\000e\000n\000t\000o\000s\000\040\000D\000e\000s\000i\000g\000u\000a\000i\000s}{chapter.29}% 137
\BOOKMARK [1][-]{section.29.7}{\376\377\000I\000m\000p\000l\000e\000m\000e\000n\000t\000a\000\347\000\365\000e\000s\000\040\000d\000e\000\040\000N\000e\000w\000t\000o\000n\000-\000C\000o\000t\000e\000s\000:\000\040\000R\000e\000g\000r\000a\000\040\000d\000o\000\040\000T\000r\000a\000p\000\351\000z\000i\000o\000\040\000e\000\040\0001\000/\0003\000\040\000S\000i\000m\000p\000s\000o\000n\000\040\000G\000e\000n\000e\000r\000a\000l\000i\000z\000a\000d\000a\000s}{chapter.29}% 138
\BOOKMARK [2][-]{subsection.29.7.1}{\376\377\000T\000a\000r\000e\000f\000a}{section.29.7}% 139
\BOOKMARK [1][-]{section.29.8}{\376\377\000I\000n\000t\000e\000g\000r\000a\000\347\000\343\000o\000\040\000s\000i\000m\000b\000\363\000l\000i\000c\000a}{chapter.29}% 140
\BOOKMARK [2][-]{subsection.29.8.1}{\376\377\000R\000e\000g\000r\000a\000\040\000q\000u\000a\000d\000r\000a\000t\000u\000r\000a\000\040\000d\000e\000\040\000S\000i\000m\000p\000s\000o\000n}{section.29.8}% 141
\BOOKMARK [1][-]{section.29.9}{\376\377\000I\000n\000t\000e\000g\000r\000a\000\347\000\343\000o\000\040\000m\000\372\000l\000t\000i\000p\000l\000a}{chapter.29}% 142
\BOOKMARK [2][-]{subsection.29.9.1}{\376\377\000I\000n\000t\000e\000g\000r\000a\000\347\000\343\000o\000\040\000d\000u\000p\000l\000a}{section.29.9}% 143
\BOOKMARK [2][-]{subsection.29.9.2}{\376\377\000I\000n\000t\000e\000g\000r\000a\000\347\000\343\000o\000\040\000t\000r\000i\000p\000l\000a}{section.29.9}% 144
\BOOKMARK [0][-]{chapter.30}{\376\377\000I\000n\000t\000e\000g\000r\000a\000\347\000\343\000o\000\040\000N\000u\000m\000\351\000r\000i\000c\000a\000:\000\040\000Q\000u\000a\000d\000r\000a\000t\000u\000r\000a\000\040\000G\000a\000u\000s\000s\000i\000a\000n\000a}{part.7}% 145
\BOOKMARK [1][-]{section.30.1}{\376\377\000D\000e\000d\000u\000\347\000\343\000o\000\040\000d\000a\000\040\000F\000\363\000r\000m\000u\000l\000a\000\040\000d\000e\000\040\000G\000a\000u\000s\000s\000-\000L\000e\000g\000e\000n\000d\000r\000e\000\040\000p\000a\000r\000a\000\040\000D\000o\000i\000s\000\040\000P\000o\000n\000t\000o\000s}{chapter.30}% 146
\BOOKMARK [1][-]{section.30.2}{\376\377\000F\000\363\000r\000m\000u\000l\000a\000s\000\040\000c\000o\000m\000\040\000M\000a\000i\000s\000\040\000P\000o\000n\000t\000o\000s}{chapter.30}% 147
\BOOKMARK [1][-]{section.30.3}{\376\377\000I\000m\000p\000l\000e\000m\000e\000n\000t\000a\000\347\000\343\000o}{chapter.30}% 148
\BOOKMARK [2][-]{subsection.30.3.1}{\376\377\000T\000a\000b\000e\000l\000a\000\040\000d\000e\000\040\000p\000e\000s\000o\000s\000/\000p\000o\000n\000t\000o\000s\000\040\000-\000\040\000Q\000u\000a\000d\000r\000a\000t\000u\000r\000a\000\040\000d\000e\000\040\000G\000a\000u\000s\000s\000-\000L\000e\000g\000e\000n\000d\000r\000e}{section.30.3}% 149
\BOOKMARK [3][-]{subsubsection*.5}{\376\377\000T\000a\000b\000e\000l\000a\000\040\000d\000e\000\040\000q\000u\000a\000d\000r\000a\000t\000u\000r\000a\000\040\000d\000e\000\040\000G\000a\000u\000s\000s\000-\000L\000e\000g\000e\000n\000d\000r\000e}{subsection.30.3.1}% 150
\BOOKMARK [1][-]{section.30.4}{\376\377\000T\000r\000a\000n\000s\000f\000o\000r\000m\000a\000\347\000\343\000o\000\040\000d\000e\000\040\000v\000a\000r\000i\000\341\000v\000e\000i\000s}{chapter.30}% 151
\BOOKMARK [2][-]{subsection.30.4.1}{\376\377\000T\000a\000r\000e\000f\000a}{section.30.4}% 152
\BOOKMARK [0][-]{chapter.31}{\376\377\000D\000i\000f\000e\000r\000e\000n\000c\000i\000a\000\347\000\343\000o\000\040\000N\000u\000m\000\351\000r\000i\000c\000a}{part.7}% 153
\BOOKMARK [1][-]{section.31.1}{\376\377\000F\000\363\000r\000m\000u\000l\000a\000\040\000d\000e\000\040\000D\000e\000r\000i\000v\000a\000\347\000\343\000o\000\040\000d\000e\000\040\000A\000l\000t\000a\000\040\000A\000c\000u\000r\000\341\000c\000i\000a}{chapter.31}% 154
\BOOKMARK [1][-]{section.31.2}{\376\377\000D\000e\000r\000i\000v\000a\000d\000a\000\040\000d\000e\000\040\000D\000a\000d\000o\000s\000\040\000N\000\343\000o\000\040\000U\000n\000i\000f\000o\000r\000m\000e\000m\000e\000n\000t\000e\000\040\000E\000s\000p\000a\000\347\000a\000d\000o\000s}{chapter.31}% 155
\BOOKMARK [1][-]{section.31.3}{\376\377\000M\000o\000t\000i\000v\000a\000\347\000\343\000o}{chapter.31}% 156
\BOOKMARK [1][-]{section.31.4}{\376\377\000D\000e\000r\000i\000v\000a\000d\000a\000\040\000n\000u\000m\000\351\000r\000i\000c\000a\000\040\000p\000r\000o\000g\000r\000e\000s\000s\000i\000v\000a\000\040\000e\000\040\000r\000e\000g\000r\000e\000s\000s\000i\000v\000a\000\040\000\050\000p\000r\000i\000m\000e\000i\000r\000a\000\040\000o\000r\000d\000e\000m\000\051}{chapter.31}% 157
\BOOKMARK [2][-]{subsection.31.4.1}{\376\377\000C\000o\000m\000p\000a\000r\000a\000n\000d\000o\000\040\000r\000e\000s\000u\000l\000t\000a\000d\000o\000s}{section.31.4}% 158
\BOOKMARK [3][-]{subsubsection*.6}{\376\377\000S\000o\000l\000u\000\347\000\343\000o}{subsection.31.4.1}% 159
\BOOKMARK [0][-]{chapter.32}{\376\377\000I\000n\000t\000r\000o\000d\000u\000\347\000\343\000o\000\040\000\340\000\040\000s\000o\000l\000u\000\347\000\343\000o\000\040\000n\000u\000m\000\351\000r\000i\000c\000a\000\040\000d\000e\000\040\000E\000D\000O\000s}{part.7}% 160
\BOOKMARK [1][-]{section.32.1}{\376\377\000M\000o\000d\000e\000l\000o\000s\000\040\000c\000l\000\341\000s\000s\000i\000c\000o\000s}{chapter.32}% 161
\BOOKMARK [2][-]{subsection.32.1.1}{\376\377\000E\000D\000O\000s\000\040\000d\000e\000\040\000p\000r\000i\000m\000e\000i\000r\000a\000\040\000o\000r\000d\000e\000m}{section.32.1}% 162
\BOOKMARK [2][-]{subsection.32.1.2}{\376\377\000E\000D\000O\000s\000\040\000d\000e\000\040\000s\000e\000g\000u\000n\000d\000a\000\040\000o\000r\000d\000e\000m}{section.32.1}% 163
\BOOKMARK [1][-]{section.32.2}{\376\377\000T\000e\000o\000r\000i\000a\000\040\000g\000e\000r\000a\000l\000\040\000d\000e\000\040\000r\000e\000s\000o\000l\000u\000b\000i\000l\000i\000d\000a\000d\000e\000\040\000d\000e\000\040\000E\000D\000O\000s}{chapter.32}% 164
\BOOKMARK [2][-]{subsection.32.2.1}{\376\377\000P\000r\000o\000b\000l\000e\000m\000a\000\040\000d\000e\000\040\000V\000a\000l\000o\000r\000\040\000I\000n\000i\000c\000i\000a\000l\000\040\000\050\000P\000V\000I\000\051}{section.32.2}% 165
\BOOKMARK [0][-]{chapter.33}{\376\377\000M\000\351\000t\000o\000d\000o\000\040\000d\000e\000\040\000E\000u\000l\000e\000r}{part.7}% 166
\BOOKMARK [1][-]{section.33.1}{\376\377\000D\000e\000f\000i\000n\000i\000\347\000\343\000o\000\040\000d\000o\000\040\000m\000\351\000t\000o\000d\000o\000\040\000d\000e\000\040\000E\000u\000l\000e\000r}{chapter.33}% 167
\BOOKMARK [1][-]{section.33.2}{\376\377\000I\000n\000t\000e\000r\000p\000r\000e\000t\000a\000\347\000\343\000o\000\040\000g\000e\000o\000m\000\351\000t\000r\000i\000c\000a}{chapter.33}% 168
\BOOKMARK [1][-]{section.33.3}{\376\377\000I\000m\000p\000l\000e\000m\000e\000n\000t\000a\000\347\000\343\000o\000\040\000c\000o\000m\000p\000u\000t\000a\000c\000i\000o\000n\000a\000l}{chapter.33}% 169
\BOOKMARK [1][-]{section.33.4}{\376\377\000A\000n\000\341\000l\000i\000s\000e\000\040\000d\000e\000\040\000e\000r\000r\000o}{chapter.33}% 170
\BOOKMARK [2][-]{subsection.33.4.1}{\376\377\000T\000e\000o\000r\000e\000m\000a\000s\000\040\000p\000a\000r\000a\000\040\000l\000i\000m\000i\000t\000e\000\040\000d\000e\000\040\000e\000r\000r\000o}{section.33.4}% 171
\BOOKMARK [1][-]{section.33.5}{\376\377\000P\000r\000o\000b\000l\000e\000m\000a\000s}{chapter.33}% 172
\BOOKMARK [0][-]{chapter.34}{\376\377\000M\000\351\000t\000o\000d\000o\000s\000\040\000d\000e\000\040\000T\000a\000y\000l\000o\000r\000\040\000d\000e\000\040\000O\000r\000d\000e\000m\000\040\000S\000u\000p\000e\000r\000i\000o\000r}{part.7}% 173
\BOOKMARK [1][-]{section.34.1}{\376\377\000M\000\351\000t\000o\000d\000o\000s\000\040\000d\000e\000\040\000R\000u\000n\000g\000e\000-\000K\000u\000t\000t\000a}{chapter.34}% 174
\BOOKMARK [2][-]{subsection.34.1.1}{\376\377\000F\000o\000r\000m\000a\000\040\000g\000e\000r\000a\000l}{section.34.1}% 175
\BOOKMARK [2][-]{subsection.34.1.2}{\376\377\000M\000\351\000t\000o\000d\000o\000s\000\040\000d\000e\000\040\000R\000u\000n\000g\000e\000-\000K\000u\000t\000t\000a\000\040\000d\000e\000\040\0002\000a\000.\000\040\000o\000r\000d\000e\000m}{section.34.1}% 176
\BOOKMARK [-1][-]{part.8}{\376\377\000V\000I\000I\000I\000\040\000C\000o\000d\000e\000\040\000s\000e\000s\000s\000i\000o\000n\000s}{}% 177
\BOOKMARK [0][-]{chapter.35}{\376\377\000C\000o\000d\000e\000\040\000s\000e\000s\000s\000i\000o\000n\000\040\0001}{part.8}% 178
\BOOKMARK [1][-]{section.35.1}{\376\377\000D\000e\000t\000e\000r\000m\000i\000n\000a\000\347\000\343\000o\000\040\000d\000e\000\040\000r\000a\000\355\000z\000e\000s}{chapter.35}% 179
\BOOKMARK [2][-]{subsection.35.1.1}{\376\377\000P\000r\000o\000b\000l\000e\000m\000a\000\040\0001}{section.35.1}% 180
\BOOKMARK [3][-]{subsubsection*.7}{\376\377\000R\000e\000s\000o\000l\000u\000\347\000\343\000o}{subsection.35.1.1}% 181
\BOOKMARK [2][-]{subsection.35.1.2}{\376\377\000P\000r\000o\000b\000l\000e\000m\000a\000\040\0002}{section.35.1}% 182
\BOOKMARK [3][-]{subsubsection*.8}{\376\377\000R\000e\000s\000o\000l\000u\000\347\000\343\000o}{subsection.35.1.2}% 183
\BOOKMARK [2][-]{subsection.35.1.3}{\376\377\000P\000r\000o\000b\000l\000e\000m\000a\000\040\0003}{section.35.1}% 184
\BOOKMARK [3][-]{subsubsection*.9}{\376\377\000R\000e\000s\000o\000l\000u\000\347\000\343\000o}{subsection.35.1.3}% 185
\BOOKMARK [2][-]{subsection.35.1.4}{\376\377\000P\000r\000o\000b\000l\000e\000m\000a\000\040\0004}{section.35.1}% 186
\BOOKMARK [3][-]{subsubsection*.10}{\376\377\000R\000e\000s\000o\000l\000u\000\347\000\343\000o}{subsection.35.1.4}% 187
\BOOKMARK [2][-]{subsection.35.1.5}{\376\377\000P\000r\000o\000b\000l\000e\000m\000a\000\040\0005}{section.35.1}% 188
\BOOKMARK [3][-]{subsubsection*.11}{\376\377\000R\000e\000s\000o\000l\000u\000\347\000\343\000o}{subsection.35.1.5}% 189
\BOOKMARK [2][-]{subsection.35.1.6}{\376\377\000P\000r\000o\000b\000l\000e\000m\000a\000\040\0006}{section.35.1}% 190
\BOOKMARK [3][-]{subsubsection*.12}{\376\377\000R\000e\000s\000o\000l\000u\000\347\000\343\000o}{subsection.35.1.6}% 191
\BOOKMARK [2][-]{subsection.35.1.7}{\376\377\000P\000r\000o\000b\000l\000e\000m\000a\000\040\0007}{section.35.1}% 192
\BOOKMARK [3][-]{subsubsection*.13}{\376\377\000R\000e\000s\000o\000l\000u\000\347\000\343\000o}{subsection.35.1.7}% 193
\BOOKMARK [2][-]{subsection.35.1.8}{\376\377\000P\000r\000o\000b\000l\000e\000m\000a\000\040\0008}{section.35.1}% 194
\BOOKMARK [3][-]{subsubsection*.14}{\376\377\000R\000e\000s\000o\000l\000u\000\347\000\343\000o}{subsection.35.1.8}% 195
\BOOKMARK [0][-]{chapter.36}{\376\377\000C\000o\000d\000e\000\040\000s\000e\000s\000s\000i\000o\000n\000\040\0002}{part.8}% 196
\BOOKMARK [1][-]{section.36.1}{\376\377\000D\000e\000t\000e\000r\000m\000i\000n\000a\000\347\000\343\000o\000\040\000d\000e\000\040\000r\000a\000\355\000z\000e\000s}{chapter.36}% 197
\BOOKMARK [1][-]{section.36.2}{\376\377\000n\000e\000w\000t\000o\000n}{chapter.36}% 198
\BOOKMARK [2][-]{subsection.36.2.1}{\376\377\000P\000r\000o\000b\000l\000e\000m\000a\000\040\0001}{section.36.2}% 199
\BOOKMARK [3][-]{subsubsection*.15}{\376\377\000R\000e\000s\000o\000l\000u\000\347\000\343\000o}{subsection.36.2.1}% 200
\BOOKMARK [4][-]{paragraph*.16}{\376\377\000E\000s\000t\000i\000m\000a\000t\000i\000v\000a\000\040\000i\000n\000i\000c\000i\000a\000l\000:\000\040\000x\0000\000\040\000=\000\040\000-\0001}{subsubsection*.15}% 201
\BOOKMARK [4][-]{paragraph*.17}{\376\377\000E\000s\000t\000i\000m\000a\000t\000i\000v\000a\000\040\000i\000n\000i\000c\000i\000a\000l\000:\000\040\000x\0000\000\040\000=\000\040\0000}{subsubsection*.15}% 202
\BOOKMARK [4][-]{paragraph*.18}{\376\377\000E\000s\000t\000i\000m\000a\000t\000i\000v\000a\000\040\000i\000n\000i\000c\000i\000a\000l\000:\000\040\000x\0000\000\040\000=\000\040\0003}{subsubsection*.15}% 203
\BOOKMARK [2][-]{subsection.36.2.2}{\376\377\000P\000r\000o\000b\000l\000e\000m\000a\000\040\0002}{section.36.2}% 204
\BOOKMARK [3][-]{subsubsection*.19}{\376\377\000R\000e\000s\000o\000l\000u\000\347\000\343\000o\000:}{subsection.36.2.2}% 205
\BOOKMARK [1][-]{section.36.3}{\376\377\000H\000o\000m\000e\000w\000o\000r\000k}{chapter.36}% 206
\BOOKMARK [0][-]{chapter.37}{\376\377\000C\000o\000d\000e\000\040\000s\000e\000s\000s\000i\000o\000n\000\040\0003}{part.8}% 207
\BOOKMARK [1][-]{section.37.1}{\376\377\000D\000e\000t\000e\000r\000m\000i\000n\000a\000\347\000\343\000o\000\040\000d\000e\000\040\000r\000a\000\355\000z\000e\000s\000\040\000d\000e\000\040\000p\000o\000l\000i\000n\000\364\000m\000i\000o\000s}{chapter.37}% 208
\BOOKMARK [2][-]{subsection.37.1.1}{\376\377\000r\000o\000o\000t\000s}{section.37.1}% 209
\BOOKMARK [2][-]{subsection.37.1.2}{\376\377\000P\000r\000o\000b\000l\000e\000m\000a\000\040\0001}{section.37.1}% 210
\BOOKMARK [3][-]{subsubsection*.20}{\376\377\000R\000e\000s\000o\000l\000u\000\347\000\343\000o}{subsection.37.1.2}% 211
\BOOKMARK [2][-]{subsection.37.1.3}{\376\377\000p\000o\000l\000y\000v\000a\000l}{section.37.1}% 212
\BOOKMARK [2][-]{subsection.37.1.4}{\376\377\000P\000r\000o\000b\000l\000e\000m\000a\000\040\0002}{section.37.1}% 213
\BOOKMARK [3][-]{subsubsection*.21}{\376\377\000R\000e\000s\000o\000l\000u\000\347\000\343\000o}{subsection.37.1.4}% 214
\BOOKMARK [2][-]{subsection.37.1.5}{\376\377\000P\000r\000o\000b\000l\000e\000m\000a\000\040\0003}{section.37.1}% 215
\BOOKMARK [3][-]{subsubsection*.22}{\376\377\000R\000e\000s\000o\000l\000u\000\347\000\343\000o}{subsection.37.1.5}% 216
\BOOKMARK [0][-]{chapter.38}{\376\377\000C\000o\000d\000e\000\040\000s\000e\000s\000s\000i\000o\000n\000\040\0004}{part.8}% 217
\BOOKMARK [1][-]{section.38.1}{\376\377\000f\000s\000o\000l\000v\000e}{chapter.38}% 218
\BOOKMARK [2][-]{subsection.38.1.1}{\376\377\000C\000o\000m\000o\000\040\000i\000n\000c\000o\000r\000p\000o\000r\000a\000r\000\040\000t\000u\000d\000o\000\040\000e\000m\000\040\000u\000m\000a\000\040\000s\000\363\000\040\000f\000u\000n\000\347\000\343\000o}{section.38.1}% 219
\BOOKMARK [2][-]{subsection.38.1.2}{\376\377\000P\000r\000o\000b\000l\000e\000m\000a\000\040\0001}{section.38.1}% 220
\BOOKMARK [3][-]{subsubsection*.23}{\376\377\000R\000e\000s\000o\000l\000u\000\347\000\343\000o}{subsection.38.1.2}% 221
\BOOKMARK [4][-]{paragraph*.24}{\376\377\000C\000r\000i\000a\000n\000d\000o\000\040\000u\000m\000a\000\040\000g\000r\000a\000d\000e\000\040\000n\000u\000m\000\351\000r\000i\000c\000a\000\040\000b\000i\000d\000i\000m\000e\000n\000s\000i\000o\000n\000a\000l\000\040\000u\000n\000i\000f\000o\000r\000m\000e}{subsubsection*.23}% 222
\BOOKMARK [4][-]{paragraph*.25}{\376\377\000P\000l\000o\000t\000a\000n\000d\000o\000\040\000c\000u\000r\000v\000a\000s\000\040\000d\000e\000\040\000n\000\355\000v\000e\000l}{subsubsection*.23}% 223
\BOOKMARK [4][-]{paragraph*.26}{\376\377\000E\000s\000t\000i\000m\000a\000t\000i\000v\000a\000\040\000i\000n\000i\000c\000i\000a\000l}{subsubsection*.23}% 224
\BOOKMARK [4][-]{paragraph*.27}{\376\377\000R\000e\000s\000o\000l\000u\000\347\000\343\000o\000\040\000d\000o\000\040\000s\000i\000s\000t\000e\000m\000a\000\040\000n\000\343\000o\000-\000l\000i\000n\000e\000a\000r}{subsubsection*.23}% 225
\BOOKMARK [4][-]{paragraph*.28}{\376\377\000V\000e\000r\000i\000f\000i\000c\000a\000\347\000\343\000o\000\040\000e\000\040\000p\000l\000o\000t\000a\000g\000e\000m}{subsubsection*.23}% 226
\BOOKMARK [0][-]{chapter.39}{\376\377\000C\000o\000d\000e\000\040\000s\000e\000s\000s\000i\000o\000n\000\040\0005}{part.8}% 227
\BOOKMARK [1][-]{section.39.1}{\376\377\000l\000i\000n\000a\000l\000g\000.\000s\000o\000l\000v\000e}{chapter.39}% 228
\BOOKMARK [2][-]{subsection.39.1.1}{\376\377\000P\000r\000o\000b\000l\000e\000m\000a\000\040\0001}{section.39.1}% 229
\BOOKMARK [2][-]{subsection.39.1.2}{\376\377\000R\000e\000s\000o\000l\000u\000\347\000\343\000o}{section.39.1}% 230
\BOOKMARK [2][-]{subsection.39.1.3}{\376\377\000T\000a\000r\000e\000f\000a}{section.39.1}% 231
\BOOKMARK [1][-]{section.39.2}{\376\377\000l\000i\000n\000a\000l\000g\000.\000c\000h\000o\000l\000e\000s\000k\000y}{chapter.39}% 232
\BOOKMARK [2][-]{subsection.39.2.1}{\376\377\000P\000r\000o\000b\000l\000e\000m\000a\000\040\0002}{section.39.2}% 233
\BOOKMARK [1][-]{section.39.3}{\376\377\000P\000r\000o\000b\000l\000e\000m\000a\000\040\0003}{chapter.39}% 234
\BOOKMARK [1][-]{section.39.4}{\376\377\000P\000r\000o\000b\000l\000e\000m\000a\000\040\0004}{chapter.39}% 235
\BOOKMARK [0][-]{chapter.40}{\376\377\000C\000o\000d\000e\000\040\000s\000e\000s\000s\000i\000o\000n\000\040\0006}{part.8}% 236
\BOOKMARK [1][-]{section.40.1}{\376\377\000i\000n\000t\000e\000r\000p\0001\000d}{chapter.40}% 237
\BOOKMARK [2][-]{subsection.40.1.1}{\376\377\000P\000r\000o\000b\000l\000e\000m\000a\000\040\0001}{section.40.1}% 238
\BOOKMARK [3][-]{subsubsection*.29}{\376\377\000R\000e\000s\000o\000l\000u\000\347\000\343\000o}{subsection.40.1.1}% 239
\BOOKMARK [2][-]{subsection.40.1.2}{\376\377\000P\000r\000o\000b\000l\000e\000m\000a\000\040\0002}{section.40.1}% 240
\BOOKMARK [2][-]{subsection.40.1.3}{\376\377\000P\000r\000o\000b\000l\000e\000m\000a\000\040\0003}{section.40.1}% 241
\BOOKMARK [0][-]{chapter.41}{\376\377\000C\000o\000d\000e\000\040\000s\000e\000s\000s\000i\000o\000n\000\040\0007}{part.8}% 242
\BOOKMARK [1][-]{section.41.1}{\376\377\000R\000e\000g\000r\000e\000s\000s\000\343\000o\000\040\000L\000i\000n\000e\000a\000r}{chapter.41}% 243
\BOOKMARK [2][-]{subsection.41.1.1}{\376\377\000l\000i\000n\000r\000e\000g\000r\000e\000s\000s}{section.41.1}% 244
\BOOKMARK [2][-]{subsection.41.1.2}{\376\377\000P\000r\000o\000b\000l\000e\000m\000a\000\040\0001}{section.41.1}% 245
\BOOKMARK [2][-]{subsection.41.1.3}{\376\377\000R\000e\000s\000o\000l\000u\000\347\000\343\000o}{section.41.1}% 246
\BOOKMARK [1][-]{section.41.2}{\376\377\000M\000e\000d\000i\000n\000d\000o\000\040\000o\000\040\000d\000e\000s\000v\000i\000o\000\040\000p\000a\000d\000r\000\343\000o\000\040\000d\000o\000\040\000a\000j\000u\000s\000t\000e\000\040\000p\000o\000r\000\040\000m\000\355\000n\000i\000m\000o\000s\000\040\000q\000u\000a\000d\000r\000a\000d\000o\000s}{chapter.41}% 247
\BOOKMARK [1][-]{section.41.3}{\376\377\000A\000j\000u\000s\000t\000e\000\040\000p\000o\000l\000i\000n\000o\000m\000i\000a\000l\000\040\000\050\000l\000i\000n\000e\000a\000r\000\051}{chapter.41}% 248
\BOOKMARK [2][-]{subsection.41.3.1}{\376\377\000p\000o\000l\000y\000f\000i\000t}{section.41.3}% 249
\BOOKMARK [2][-]{subsection.41.3.2}{\376\377\000P\000r\000o\000b\000l\000e\000m\000a\000\040\0002}{section.41.3}% 250
\BOOKMARK [3][-]{subsubsection*.30}{\376\377\000R\000e\000s\000o\000l\000u\000\347\000\343\000o}{subsection.41.3.2}% 251
\BOOKMARK [3][-]{subsubsection*.31}{\376\377\000E\000x\000e\000r\000c\000\355\000c\000i\000o\000\040\000c\000o\000m\000p\000l\000e\000m\000e\000n\000t\000a\000r}{subsection.41.3.2}% 252
\BOOKMARK [2][-]{subsection.41.3.3}{\376\377\000P\000r\000o\000b\000l\000e\000m\000a\000\040\0003}{section.41.3}% 253
\BOOKMARK [3][-]{subsubsection*.32}{\376\377\000R\000e\000s\000o\000l\000u\000\347\000\343\000o}{subsection.41.3.3}% 254
\BOOKMARK [3][-]{subsubsection*.33}{\376\377\000T\000e\000s\000t\000e\000\040\000d\000e\000\040\000a\000l\000i\000n\000h\000a\000m\000e\000n\000t\000o}{subsection.41.3.3}% 255
\BOOKMARK [0][-]{chapter.42}{\376\377\000C\000o\000d\000e\000\040\000s\000e\000s\000s\000i\000o\000n\000\040\0008}{part.8}% 256
\BOOKMARK [1][-]{section.42.1}{\376\377\000q\000u\000a\000d}{chapter.42}% 257
\BOOKMARK [2][-]{subsection.42.1.1}{\376\377\000P\000r\000o\000b\000l\000e\000m\000a\000\040\0001}{section.42.1}% 258
\BOOKMARK [3][-]{subsubsection*.34}{\376\377\000R\000e\000s\000o\000l\000u\000\347\000\343\000o}{subsection.42.1.1}% 259
\BOOKMARK [2][-]{subsection.42.1.2}{\376\377\000P\000r\000o\000b\000l\000e\000m\000a\000\040\0002}{section.42.1}% 260
\BOOKMARK [3][-]{subsubsection*.35}{\376\377\000R\000e\000s\000o\000l\000u\000\347\000\343\000o}{subsection.42.1.2}% 261
\BOOKMARK [1][-]{section.42.2}{\376\377\000R\000e\000g\000r\000a\000\040\000d\000o\000\040\000T\000r\000a\000p\000\351\000z\000i\000o\000\040\000G\000e\000n\000e\000r\000a\000l\000i\000z\000a\000d\000a}{chapter.42}% 262
\BOOKMARK [1][-]{section.42.3}{\376\377\000Q\000u\000a\000d\000r\000a\000t\000u\000r\000a\000\040\000G\000a\000u\000s\000s\000i\000a\000n\000a\000\040\000\050\000Q\000G\000\051}{chapter.42}% 263
\BOOKMARK [0][-]{chapter.43}{\376\377\000C\000o\000d\000e\000\040\000s\000e\000s\000s\000i\000o\000n\000\040\0009}{part.8}% 264
\BOOKMARK [1][-]{section.43.1}{\376\377\000s\000o\000l\000v\000e\000\137\000i\000v\000p}{chapter.43}% 265
\BOOKMARK [-1][-]{part.9}{\376\377\000I\000X\000\040\000E\000x\000e\000r\000c\000\355\000c\000i\000o\000s\000\040\000r\000e\000s\000o\000l\000v\000i\000d\000o\000s}{}% 266
\BOOKMARK [0][-]{chapter.44}{\376\377\000L\000i\000s\000t\000a\000\040\000d\000e\000\040\000E\000x\000e\000r\000c\000\355\000c\000i\000o\000s\000\040\0001}{part.9}% 267
\BOOKMARK [1][-]{section.44.1}{\376\377\000E\000x\000e\000r\000c\000\355\000c\000i\000o\000s\000\040\000c\000o\000m\000p\000u\000t\000a\000c\000i\000o\000n\000a\000i\000s}{chapter.44}% 268
\BOOKMARK [2][-]{subsection.44.1.1}{\376\377\000Q}{section.44.1}% 269
\BOOKMARK [2][-]{subsection.44.1.2}{\376\377\000S}{section.44.1}% 270
\BOOKMARK [0][-]{chapter.45}{\376\377\000L\000i\000s\000t\000a\000\040\000d\000e\000\040\000E\000x\000e\000r\000c\000\355\000c\000i\000o\000s\000\040\0002}{part.9}% 271
\BOOKMARK [1][-]{section.45.1}{\376\377\000Q\0001\0002\000\040\000-\000\040\000L\0002}{chapter.45}% 272
\BOOKMARK [1][-]{section.45.2}{\376\377\000Q\0001\0006\000\040\000-\000\040\000L\0002}{chapter.45}% 273
\BOOKMARK [2][-]{subsection.45.2.1}{\376\377\000i\000t\000e\000m\000\040\000b\000.\0001\000\051}{section.45.2}% 274
\BOOKMARK [2][-]{subsection.45.2.2}{\376\377\000i\000t\000e\000m\000\040\000b\000.\0002\000\051}{section.45.2}% 275
\BOOKMARK [2][-]{subsection.45.2.3}{\376\377\000i\000t\000e\000m\000\040\000b\000.\0003\000\051}{section.45.2}% 276
\BOOKMARK [2][-]{subsection.45.2.4}{\376\377\000i\000t\000e\000m\000\040\000b\000.\0004\000\051}{section.45.2}% 277
\BOOKMARK [2][-]{subsection.45.2.5}{\376\377\000i\000t\000e\000m\000\040\000b\000.\0005\000\051}{section.45.2}% 278
\BOOKMARK [1][-]{section.45.3}{\376\377\000E\000x\000e\000m\000p\000l\000o\000s}{chapter.45}% 279
\BOOKMARK [1][-]{section.45.4}{\376\377\000P\000r\000o\000b\000l\000e\000m\000a\000s\000\040\000a\000p\000l\000i\000c\000a\000d\000o\000s}{chapter.45}% 280
\BOOKMARK [2][-]{subsection.45.4.1}{\376\377\000S\000o\000l\000u\000\347\000\343\000o\000\040\000c\000o\000m\000p\000u\000t\000a\000c\000i\000o\000n\000a\000l}{section.45.4}% 281
\BOOKMARK [1][-]{section.45.5}{\376\377\000P\000r\000o\000b\000l\000e\000m\000a\000\040\000a\000p\000l\000i\000c\000a\000d\000o\000\040\000\050\000r\000e\000v\000i\000s\000a\000r\000!\000\051}{chapter.45}% 282
\BOOKMARK [2][-]{subsection.45.5.1}{\376\377\000S\000o\000l\000u\000\347\000\343\000o\000\040\000c\000o\000m\000p\000u\000t\000a\000c\000i\000o\000n\000a\000l\000:}{section.45.5}% 283
\BOOKMARK [0][-]{chapter.46}{\376\377\000L\000i\000s\000t\000a\000\040\000d\000e\000\040\000E\000x\000e\000r\000c\000\355\000c\000i\000o\000s\000\040\0003}{part.9}% 284
\BOOKMARK [1][-]{section.46.1}{\376\377\000S\000i\000s\000t\000e\000m\000a\000s\000\040\000l\000i\000n\000e\000a\000r\000e\000s}{chapter.46}% 285
\BOOKMARK [2][-]{subsection.46.1.1}{\376\377\000Q\000u\000e\000s\000t\000\343\000o\000\040\0001}{section.46.1}% 286
\BOOKMARK [2][-]{subsection.46.1.2}{\376\377\000Q\000u\000e\000s\000t\000\343\000o\000\040\0002}{section.46.1}% 287
\BOOKMARK [2][-]{subsection.46.1.3}{\376\377\000Q\000u\000e\000s\000t\000\343\000o\000\040\0003}{section.46.1}% 288
\BOOKMARK [2][-]{subsection.46.1.4}{\376\377\000Q\000u\000e\000s\000t\000\343\000o\000\040\0004}{section.46.1}% 289
\BOOKMARK [2][-]{subsection.46.1.5}{\376\377\000Q\000u\000e\000s\000t\000\343\000o\000\040\0005}{section.46.1}% 290
\BOOKMARK [2][-]{subsection.46.1.6}{\376\377\000Q\000u\000e\000s\000t\000\343\000o\000\040\0006}{section.46.1}% 291
\BOOKMARK [2][-]{subsection.46.1.7}{\376\377\000Q\000u\000e\000s\000t\000\343\000o\000\040\0007}{section.46.1}% 292
\BOOKMARK [2][-]{subsection.46.1.8}{\376\377\000Q\000u\000e\000s\000t\000\343\000o\000\040\0008}{section.46.1}% 293
\BOOKMARK [1][-]{section.46.2}{\376\377\000F\000a\000t\000o\000r\000a\000\347\000\343\000o\000\040\000L\000U}{chapter.46}% 294
\BOOKMARK [2][-]{subsection.46.2.1}{\376\377\000Q\000u\000e\000s\000t\000\343\000o\000\040\0009}{section.46.2}% 295
\BOOKMARK [2][-]{subsection.46.2.2}{\376\377\000Q\000u\000e\000s\000t\000\343\000o\000\040\0001\0000}{section.46.2}% 296
\BOOKMARK [2][-]{subsection.46.2.3}{\376\377\000Q\000u\000e\000s\000t\000\343\000o\000\040\0001\0001}{section.46.2}% 297
\BOOKMARK [1][-]{section.46.3}{\376\377\000F\000a\000t\000o\000r\000a\000\347\000\343\000o\000\040\000d\000e\000\040\000C\000h\000o\000l\000e\000s\000k\000y}{chapter.46}% 298
\BOOKMARK [2][-]{subsection.46.3.1}{\376\377\000Q\000u\000e\000s\000t\000\343\000o\000\040\0001\0002}{section.46.3}% 299
\BOOKMARK [3][-]{subsubsection*.36}{\376\377\000S\000o\000l\000u\000\347\000\343\000o\000:}{subsection.46.3.1}% 300
\BOOKMARK [2][-]{subsection.46.3.2}{\376\377\000Q\000u\000e\000s\000t\000\343\000o\000\040\0001\0003}{section.46.3}% 301
\BOOKMARK [2][-]{subsection.46.3.3}{\376\377\000Q\000u\000e\000s\000t\000\343\000o\000\040\0001\0004}{section.46.3}% 302
\BOOKMARK [0][-]{chapter.47}{\376\377\000L\000i\000s\000t\000a\000\040\000d\000e\000\040\000E\000x\000e\000r\000c\000\355\000c\000i\000o\000s\000\040\0004}{part.9}% 303
\BOOKMARK [1][-]{section.47.1}{\376\377\000M\000\351\000t\000o\000d\000o\000s\000\040\000i\000t\000e\000r\000a\000t\000i\000v\000o\000s\000\040\000p\000a\000r\000a\000\040\000s\000i\000s\000t\000e\000m\000a\000s\000\040\000l\000i\000n\000e\000a\000r\000e\000s}{chapter.47}% 304
\BOOKMARK [2][-]{subsection.47.1.1}{\376\377\000Q\000u\000e\000s\000t\000\343\000o\000\040\0001}{section.47.1}% 305
\BOOKMARK [2][-]{subsection.47.1.2}{\376\377\000Q\000u\000e\000s\000t\000\343\000o\000\040\0002}{section.47.1}% 306
\BOOKMARK [2][-]{subsection.47.1.3}{\376\377\000Q\000u\000e\000s\000t\000\343\000o\000\040\0003}{section.47.1}% 307
\BOOKMARK [2][-]{subsection.47.1.4}{\376\377\000Q\000u\000e\000s\000t\000\343\000o\000\040\0004}{section.47.1}% 308
\BOOKMARK [3][-]{subsubsection*.37}{\376\377\000S\000o\000l\000u\000\347\000\343\000o}{subsection.47.1.4}% 309
\BOOKMARK [2][-]{subsection.47.1.5}{\376\377\000Q\000u\000e\000s\000t\000\343\000o\000\040\0005}{section.47.1}% 310
\BOOKMARK [1][-]{section.47.2}{\376\377\000S\000i\000s\000t\000e\000m\000a\000s\000\040\000n\000\343\000o\000-\000l\000i\000n\000e\000a\000r\000e\000s}{chapter.47}% 311
\BOOKMARK [2][-]{subsection.47.2.1}{\376\377\000Q\000u\000e\000s\000t\000\343\000o\000\040\0006}{section.47.2}% 312
\BOOKMARK [1][-]{section.47.3}{\376\377\000I\000n\000t\000e\000r\000p\000o\000l\000a\000\347\000\343\000o\000\040\000P\000o\000l\000i\000n\000o\000m\000i\000a\000l}{chapter.47}% 313
\BOOKMARK [2][-]{subsection.47.3.1}{\376\377\000Q\000u\000e\000s\000t\000\343\000o\000\040\0007}{section.47.3}% 314
\BOOKMARK [2][-]{subsection.47.3.2}{\376\377\000Q\000u\000e\000s\000t\000\343\000o\000\040\0008}{section.47.3}% 315
\BOOKMARK [2][-]{subsection.47.3.3}{\376\377\000Q\000u\000e\000s\000t\000\343\000o\000\040\0009}{section.47.3}% 316
\BOOKMARK [2][-]{subsection.47.3.4}{\376\377\000Q\000u\000e\000s\000t\000\343\000o\000\040\0001\0000}{section.47.3}% 317
\BOOKMARK [2][-]{subsection.47.3.5}{\376\377\000Q\000u\000e\000s\000t\000\343\000o\000\040\0001\0001}{section.47.3}% 318
\BOOKMARK [2][-]{subsection.47.3.6}{\376\377\000Q\000u\000e\000s\000t\000\343\000o\000\040\0001\0002}{section.47.3}% 319
\BOOKMARK [2][-]{subsection.47.3.7}{\376\377\000Q\000u\000e\000s\000t\000\343\000o\000\040\0001\0003}{section.47.3}% 320
\BOOKMARK [0][-]{chapter.48}{\376\377\000L\000i\000s\000t\000a\000\040\000d\000e\000\040\000E\000x\000e\000r\000c\000\355\000c\000i\000o\000s\000\040\0005}{part.9}% 321
\BOOKMARK [1][-]{section.48.1}{\376\377\000A\000j\000u\000s\000t\000e\000\040\000d\000e\000\040\000c\000u\000r\000v\000a\000s}{chapter.48}% 322
\BOOKMARK [2][-]{subsection.48.1.1}{\376\377\000E\000x\000e\000m\000p\000l\000o\000:\000\040\000s\000o\000l\000u\000\347\000\343\000o\000\040\000f\000e\000c\000h\000a\000d\000a\000\040\0002\000D}{section.48.1}% 323
\BOOKMARK [1][-]{section.48.2}{\376\377\000R\000e\000s\000o\000l\000u\000\347\000\343\000o\000\040\000d\000a\000\040\000L\000i\000s\000t\000a\000\040\0005}{chapter.48}% 324
\BOOKMARK [2][-]{subsection.48.2.1}{\376\377\000F\000u\000n\000\347\000\343\000o\000-\000b\000a\000s\000e\000\040\000p\000a\000r\000a\000\040\000c\000o\000m\000p\000u\000t\000a\000r\000\040\000a\000j\000u\000s\000t\000e\000\040\000e\000\040\000p\000l\000o\000t\000a\000r\000\040\000r\000e\000s\000u\000l\000t\000a\000d\000o\000s}{section.48.2}% 325
\BOOKMARK [2][-]{subsection.48.2.2}{\376\377\000L\0005\000-\000Q\0002}{section.48.2}% 326
\BOOKMARK [2][-]{subsection.48.2.3}{\376\377\000S\000o\000l\000u\000\347\000\343\000o}{section.48.2}% 327
\BOOKMARK [3][-]{subsubsection*.38}{\376\377\000M\000e\000t\000o\000d\000o\000l\000o\000g\000i\000a\000\040\000m\000a\000t\000e\000m\000\341\000t\000i\000c\000a}{subsection.48.2.3}% 328
\BOOKMARK [3][-]{subsubsection*.39}{\376\377\000M\000e\000t\000o\000d\000o\000l\000o\000g\000i\000a\000\040\000c\000o\000m\000p\000u\000t\000a\000c\000i\000o\000n\000a\000l}{subsection.48.2.3}% 329
\BOOKMARK [2][-]{subsection.48.2.4}{\376\377\000L\0005\000-\000Q\0003}{section.48.2}% 330
\BOOKMARK [2][-]{subsection.48.2.5}{\376\377\000S\000o\000l\000u\000\347\000\343\000o}{section.48.2}% 331
\BOOKMARK [3][-]{subsubsection*.40}{\376\377\000M\000e\000t\000o\000d\000o\000l\000o\000g\000i\000a\000\040\000m\000a\000t\000e\000m\000\341\000t\000i\000c\000a}{subsection.48.2.5}% 332
\BOOKMARK [3][-]{subsubsection*.41}{\376\377\000M\000e\000t\000o\000d\000o\000l\000o\000g\000i\000a\000\040\000c\000o\000m\000p\000u\000t\000a\000c\000i\000o\000n\000a\000l}{subsection.48.2.5}% 333
\BOOKMARK [2][-]{subsection.48.2.6}{\376\377\000L\0005\000-\000Q\0004}{section.48.2}% 334
\BOOKMARK [3][-]{subsubsection*.42}{\376\377\000M\000e\000t\000o\000d\000o\000l\000o\000g\000i\000a\000\040\000m\000a\000t\000e\000m\000\341\000t\000i\000c\000a}{subsection.48.2.6}% 335
\BOOKMARK [3][-]{subsubsection*.43}{\376\377\000M\000e\000t\000o\000d\000o\000l\000o\000g\000i\000a\000\040\000c\000o\000m\000p\000u\000t\000a\000c\000i\000o\000n\000a\000l}{subsection.48.2.6}% 336
\BOOKMARK [2][-]{subsection.48.2.7}{\376\377\000s\000o\000l\000u\000c\000a\000o\000-\000L\0005\000-\000Q\0004\000-\000b}{section.48.2}% 337
\BOOKMARK [2][-]{subsection.48.2.8}{\376\377\000s\000o\000l\000u\000c\000a\000o\000-\000L\0005\000-\000Q\0004\000-\000c}{section.48.2}% 338
\BOOKMARK [2][-]{subsection.48.2.9}{\376\377\000s\000o\000l\000u\000c\000a\000o\000-\000L\0005\000-\000Q\0004\000-\000d}{section.48.2}% 339
\BOOKMARK [2][-]{subsection.48.2.10}{\376\377\000s\000o\000l\000u\000c\000a\000o\000-\000L\0005\000-\000Q\0004\000-\000e}{section.48.2}% 340
\BOOKMARK [2][-]{subsection.48.2.11}{\376\377\000s\000o\000l\000u\000c\000a\000o\000-\000L\0005\000-\000Q\0004\000-\000f}{section.48.2}% 341
\BOOKMARK [1][-]{section.48.3}{\376\377\000s\000o\000l\000u\000c\000a\000o\000-\000L\0005\000-\000Q\0005\000-\000a}{chapter.48}% 342
\BOOKMARK [2][-]{subsection.48.3.1}{\376\377\000A\000J\000U\000S\000T\000E\000\040\000P\000O\000R\000\040\000R\000E\000T\000A}{section.48.3}% 343
\BOOKMARK [2][-]{subsection.48.3.2}{\376\377\000A\000J\000U\000S\000T\000E\000\040\000P\000O\000R\000\040\000P\000A\000R\000\301\000B\000O\000L\000A}{section.48.3}% 344
\BOOKMARK [1][-]{section.48.4}{\376\377\000I\000n\000t\000e\000g\000r\000a\000\347\000\343\000o\000\040\000N\000u\000m\000\351\000r\000i\000c\000a}{chapter.48}% 345
\BOOKMARK [2][-]{subsection.48.4.1}{\376\377\000F\000u\000n\000\347\000\343\000o\000-\000b\000a\000s\000e\000\040\000p\000a\000r\000a\000\040\000i\000n\000t\000e\000g\000r\000a\000i\000s\000\040\000d\000e\000\040\000N\000e\000w\000t\000o\000n\000-\000C\000o\000t\000e\000s}{section.48.4}% 346
\BOOKMARK [2][-]{subsection.48.4.2}{\376\377\000E\000x\000e\000m\000p\000l\000o}{section.48.4}% 347
\BOOKMARK [2][-]{subsection.48.4.3}{\376\377\000E\000x\000e\000m\000p\000l\000o}{section.48.4}% 348
\BOOKMARK [1][-]{section.48.5}{\376\377\000F\000u\000n\000\347\000\343\000o\000\040\000r\000e\000s\000i\000d\000e\000n\000t\000e\000\040\000e\000m\000\040\000P\000y\000t\000h\000o\000n\000\040\000p\000a\000r\000a\000\040\000i\000n\000t\000e\000g\000r\000a\000\347\000\343\000o}{chapter.48}% 349
\BOOKMARK [2][-]{subsection.48.5.1}{\376\377\000E\000x\000e\000m\000p\000l\000o}{section.48.5}% 350
\BOOKMARK [2][-]{subsection.48.5.2}{\376\377\000s\000o\000l\000u\000c\000a\000o\000-\000L\0005\000-\000Q\0009}{section.48.5}% 351
\BOOKMARK [2][-]{subsection.48.5.3}{\376\377\000s\000o\000l\000u\000c\000a\000o\000-\000L\0005\000-\000Q\0001\0000}{section.48.5}% 352
\BOOKMARK [2][-]{subsection.48.5.4}{\376\377\000s\000o\000l\000u\000c\000a\000o\000-\000L\0005\000-\000Q\0001\0001}{section.48.5}% 353
\BOOKMARK [2][-]{subsection.48.5.5}{\376\377\000s\000o\000l\000u\000c\000a\000o\000\040\000L\0005\000-\000Q\0001\0007}{section.48.5}% 354
\BOOKMARK [2][-]{subsection.48.5.6}{\376\377\000Q\000U\000A\000D\000R\000A\000T\000U\000R\000A\000\040\000G\000A\000U\000S\000S\000I\000A\000N\000A}{section.48.5}% 355
\BOOKMARK [2][-]{subsection.48.5.7}{\376\377\000s\000o\000l\000u\000c\000a\000o\000-\000L\0005\000-\000Q\0001\0008\000a}{section.48.5}% 356
\BOOKMARK [2][-]{subsection.48.5.8}{\376\377\000s\000o\000l\000u\000c\000a\000o\000-\000L\0005\000-\000Q\0001\0008\000b}{section.48.5}% 357
\BOOKMARK [3][-]{subsubsection*.44}{\376\377\000E\000x\000e\000m\000p\000l\000o\000s\000\040\000d\000e\000\040\000i\000n\000t\000e\000g\000r\000a\000n\000d\000o\000s\000\040\000c\000o\000m\000\040\000s\000i\000n\000g\000u\000l\000a\000r\000i\000d\000a\000d\000e\000s}{subsection.48.5.8}% 358
\BOOKMARK [2][-]{subsection.48.5.9}{\376\377\000s\000o\000l\000u\000c\000a\000o\000-\000L\0005\000-\000Q\0001\0008\000c}{section.48.5}% 359
\BOOKMARK [2][-]{subsection.48.5.10}{\376\377\000s\000o\000l\000u\000c\000a\000o\000-\000L\0005\000-\000Q\0001\0008\000d}{section.48.5}% 360
\BOOKMARK [0][-]{chapter.49}{\376\377\000L\000i\000s\000t\000a\000\040\000d\000e\000\040\000E\000x\000e\000r\000c\000\355\000c\000i\000o\000s\000\040\0006}{part.9}% 361
\BOOKMARK [1][-]{section.49.1}{\376\377\000F\000u\000n\000\347\000\365\000e\000s\000-\000b\000a\000s\000e\000\040\000p\000a\000r\000a\000\040\000r\000e\000s\000o\000l\000u\000c\000\343\000o}{chapter.49}% 362
\BOOKMARK [1][-]{section.49.2}{\376\377\000S\000o\000l\000u\000\347\000\365\000e\000s\000\040\000d\000a\000\040\000L\000i\000s\000t\000a\000\040\0006}{chapter.49}% 363
\BOOKMARK [2][-]{subsection.49.2.1}{\376\377\000s\000o\000l\000u\000c\000a\000o\000-\000L\0006\000-\000Q\0001\000a}{section.49.2}% 364
\BOOKMARK [2][-]{subsection.49.2.2}{\376\377\000s\000o\000l\000u\000c\000a\000o\000-\000L\0006\000-\000Q\0001\000b}{section.49.2}% 365
\BOOKMARK [2][-]{subsection.49.2.3}{\376\377\000S\000o\000l\000u\000\347\000\343\000o\000\040\000a\000n\000a\000l\000\355\000t\000i\000c\000a\000\040\000p\000a\000r\000a\000\040\000a\000\040\000E\000D\000O\000\040\000d\000o\000\040\000P\000V\000I}{section.49.2}% 366
\BOOKMARK [2][-]{subsection.49.2.4}{\376\377\000C\000o\000m\000p\000a\000r\000a\000\347\000\343\000o\000\040\000d\000e\000\040\000s\000o\000l\000u\000\347\000\365\000e\000s}{section.49.2}% 367
\BOOKMARK [-1][-]{part.10}{\376\377\000X\000\040\000E\000x\000t\000r\000a}{}% 368
\BOOKMARK [0][-]{chapter.50}{\376\377\000N\000\372\000m\000e\000r\000o\000s\000\040\000e\000m\000\040\000p\000o\000n\000t\000o\000\040\000f\000l\000u\000t\000u\000a\000n\000t\000e\000\040\000e\000\040\000s\000e\000u\000s\000\040\000p\000r\000o\000b\000l\000e\000m\000a\000s}{part.10}% 369
\BOOKMARK [1][-]{section.50.1}{\376\377\000P\000e\000r\000g\000u\000n\000t\000a\000s\000\040\000e\000\040\000r\000e\000s\000p\000o\000s\000t\000a\000s}{chapter.50}% 370
\BOOKMARK [2][-]{subsection.50.1.1}{\376\377\000P\000o\000r\000\040\000q\000u\000e\000\040\000a\000\040\000s\000o\000m\000a\000\040\0000\000.\0001\000\040\000+\000\040\0000\000.\0002\000\040\000n\000\343\000o\000\040\000\351\000\040\000e\000x\000a\000t\000a\000m\000e\000n\000t\000e\000\040\0000\000.\0003\000,\000\040\000m\000a\000s\000\040\000r\000e\000s\000u\000l\000t\000a\000\040\000e\000m\000\040\0000\000.\0003\0000\0000\0000\0000\0000\0000\0000\0000\0000\0000\0000\0000\0000\0000\0000\0004\000?}{section.50.1}% 371
\BOOKMARK [2][-]{subsection.50.1.2}{\376\377\000E\000s\000t\000e\000\040\000s\000i\000s\000t\000e\000m\000a\000\040\000p\000a\000r\000e\000c\000e\000\040\000u\000m\000\040\000t\000a\000n\000t\000o\000\040\000e\000s\000t\000\372\000p\000i\000d\000o\000.\000\040\000P\000o\000r\000\040\000q\000u\000e\000\040\000o\000s\000\040\000c\000o\000m\000p\000u\000t\000a\000d\000o\000r\000e\000s\000\040\000o\000\040\000u\000t\000i\000l\000i\000z\000a\000m\000\040\000p\000a\000r\000a\000\040\000f\000a\000z\000e\000r\000\040\000c\000\341\000l\000c\000u\000l\000o\000s\000?}{section.50.1}% 372
\BOOKMARK [2][-]{subsection.50.1.3}{\376\377\000O\000\040\000q\000u\000e\000\040\000p\000o\000d\000e\000\040\000s\000e\000r\000\040\000f\000e\000i\000t\000o\000\040\000p\000a\000r\000a\000\040\000e\000v\000i\000t\000a\000r\000\040\000e\000s\000t\000e\000\040\000p\000r\000o\000b\000l\000e\000m\000a\000?}{section.50.1}% 373
\BOOKMARK [2][-]{subsection.50.1.4}{\376\377\000P\000o\000r\000\040\000q\000u\000e\000\040\000o\000u\000t\000r\000o\000s\000\040\000c\000\341\000l\000c\000u\000l\000o\000s\000\040\000c\000o\000m\000o\000\040\0000\000.\0001\000\040\000+\000\040\0000\000.\0004\000\040\000f\000u\000n\000c\000i\000o\000n\000a\000m\000\040\000c\000o\000r\000r\000e\000t\000a\000m\000e\000n\000t\000e\000?}{section.50.1}% 374
\BOOKMARK [1][-]{section.50.2}{\376\377\000C\000o\000m\000p\000a\000r\000a\000\347\000\343\000o\000\040\000d\000e\000\040\000n\000\372\000m\000e\000r\000o\000s\000\040\000e\000m\000\040\000p\000o\000n\000t\000o\000\040\000f\000l\000u\000t\000u\000a\000n\000t\000e}{chapter.50}% 375
\BOOKMARK [2][-]{subsection.50.2.1}{\376\377\000M\000a\000r\000g\000e\000n\000s\000\040\000d\000e\000\040\000e\000r\000r\000o\000:\000\040\000a\000b\000s\000o\000l\000u\000t\000o\000\040\000x\000\040\000r\000e\000l\000a\000t\000i\000v\000o}{section.50.2}% 376
\BOOKMARK [2][-]{subsection.50.2.2}{\376\377\000R\000e\000f\000e\000r\000\352\000n\000c\000i\000a\000s\000\040\000p\000a\000r\000a\000\040\000e\000s\000t\000u\000d\000o}{section.50.2}% 377
\BOOKMARK [3][-]{subsubsection*.45}{\376\377\000M\000i\000s\000c\000e\000l\000\342\000n\000e\000a}{subsection.50.2.2}% 378
\BOOKMARK [3][-]{subsubsection*.46}{\376\377\000V\000i\000s\000u\000a\000l\000i\000z\000a\000d\000o\000r\000e\000s\000\040\000i\000n\000t\000e\000r\000a\000t\000i\000v\000o\000s\000\040\000d\000e\000\040\000n\000\372\000m\000e\000r\000o\000s\000\040\000n\000o\000\040\000p\000a\000d\000r\000\343\000o\000\040\000I\000E\000E\000E\000\040\0007\0005\0004}{subsection.50.2.2}% 379
\BOOKMARK [3][-]{subsubsection*.47}{\376\377\000E\000x\000e\000m\000p\000l\000o\000s\000\040\000d\000e\000\040\000c\000o\000m\000p\000a\000r\000a\000\347\000\343\000o\000\040\000d\000e\000\040\000n\000\372\000m\000e\000r\000o\000s\000\040\000e\000m\000\040\000p\000o\000n\000t\000o\000\040\000f\000l\000u\000t\000u\000a\000n\000t\000e}{subsection.50.2.2}% 380
\BOOKMARK [3][-]{subsubsection*.48}{\376\377\000L\000i\000v\000r\000o\000s}{subsection.50.2.2}% 381
\BOOKMARK [0][-]{chapter.51}{\376\377\000P\000r\000o\000c\000e\000s\000s\000a\000m\000e\000n\000t\000o\000\040\000d\000e\000\040\000s\000i\000n\000a\000i\000s}{part.10}% 382
\BOOKMARK [1][-]{section.51.1}{\376\377\000A\000n\000\341\000l\000i\000s\000e\000\040\000e\000s\000p\000e\000c\000t\000r\000a\000l}{chapter.51}% 383
\BOOKMARK [1][-]{section.51.2}{\376\377\000T\000r\000a\000n\000s\000f\000o\000r\000m\000a\000d\000a\000s\000\040\000d\000e\000\040\000F\000o\000u\000r\000i\000e\000r}{chapter.51}% 384
\BOOKMARK [1][-]{section.51.3}{\376\377\000M\000\363\000d\000u\000l\000o\000\040\000f\000f\000t\000p\000a\000c\000k}{chapter.51}% 385
\BOOKMARK [2][-]{subsection.51.3.1}{\376\377\000I\000m\000p\000o\000r\000t\000a\000\347\000\343\000o\000\040\000d\000e\000\040\000m\000\363\000d\000u\000l\000o\000s}{section.51.3}% 386
\BOOKMARK [2][-]{subsection.51.3.2}{\376\377\000F\000i\000l\000r\000o\000s\000\040\000n\000o\000\040\000d\000o\000m\000\355\000n\000i\000o\000\040\000d\000a\000s\000\040\000f\000r\000e\000q\000u\000e\000n\000c\000i\000a\000s}{section.51.3}% 387
\BOOKMARK [0][-]{chapter.52}{\376\377\000O\000t\000i\000m\000i\000z\000a\000\347\000\343\000o\000\040\000d\000e\000\040\000c\000\363\000d\000i\000g\000o}{part.10}% 388
\BOOKMARK [1][-]{section.52.1}{\376\377\000n\000u\000m\000b\000a}{chapter.52}% 389
\BOOKMARK [1][-]{section.52.2}{\376\377\000c\000y\000t\000h\000o\000n}{chapter.52}% 390
\BOOKMARK [1][-]{section.52.3}{\376\377\000E\000x\000e\000m\000p\000l\000o\000s\000\040\000c\000o\000m\000\040\000n\000u\000m\000b\000a}{chapter.52}% 391
\BOOKMARK [2][-]{subsection.52.3.1}{\376\377\000S\000o\000m\000a\000\040\000d\000e\000\040\000e\000l\000e\000m\000e\000n\000t\000o\000s\000\040\000e\000m\000\040\000u\000m\000\040\000a\000r\000r\000a\000y}{section.52.3}% 392
\BOOKMARK [2][-]{subsection.52.3.2}{\376\377\000S\000o\000m\000a\000\040\000c\000u\000m\000u\000l\000a\000t\000i\000v\000a}{section.52.3}% 393
\BOOKMARK [2][-]{subsection.52.3.3}{\376\377\000F\000r\000a\000c\000t\000a\000l\000\040\000d\000e\000\040\000J\000u\000l\000i\000a}{section.52.3}% 394
\BOOKMARK [2][-]{subsection.52.3.4}{\376\377\000n\000u\000m\000b\000a\000.\000v\000e\000c\000t\000o\000r\000i\000z\000e}{section.52.3}% 395
\BOOKMARK [0][-]{chapter.53}{\376\377\000M\000a\000l\000h\000a\000s\000\040\000n\000u\000m\000\351\000r\000i\000c\000a\000s}{part.10}% 396
\BOOKMARK [1][-]{section.53.1}{\376\377\000M\000a\000l\000h\000a\000s\000\040\000u\000n\000i\000f\000o\000r\000m\000e\000s}{chapter.53}% 397
\BOOKMARK [1][-]{section.53.2}{\376\377\000M\000a\000l\000h\000a\000s\000\040\000n\000\343\000o\000\040\000u\000n\000i\000f\000o\000r\000m\000e\000s}{chapter.53}% 398
\BOOKMARK [1][-]{section.53.3}{\376\377\000R\000e\000f\000i\000n\000a\000m\000e\000n\000t\000o\000\040\000d\000e\000\040\000m\000a\000l\000h\000a}{chapter.53}% 399
\BOOKMARK [1][-]{section.53.4}{\376\377\000M\000a\000l\000h\000a\000\040\000n\000u\000m\000\351\000r\000i\000c\000a\000\040\000b\000i\000d\000i\000m\000e\000n\000s\000i\000o\000n\000a\000l\000\040\000u\000n\000i\000f\000o\000r\000m\000e}{chapter.53}% 400
\BOOKMARK [2][-]{subsection.53.4.1}{\376\377\000P\000l\000o\000t\000a\000n\000d\000o\000\040\000c\000u\000r\000v\000a\000s\000\040\000d\000e\000\040\000n\000\355\000v\000e\000l}{section.53.4}% 401
\BOOKMARK [0][-]{chapter.54}{\376\377\000C\000a\000m\000p\000o\000s\000\040\000d\000e\000\040\000d\000i\000r\000e\000\347\000\343\000o}{part.10}% 402
\BOOKMARK [0][-]{chapter.55}{\376\377\000P\000r\000o\000b\000l\000e\000m\000a\000s}{part.10}% 403
\BOOKMARK [0][-]{chapter.56}{\376\377\000V\000a\000r\000i\000a\000\347\000\365\000e\000s\000\040\000d\000o\000\040\000M\000\351\000t\000o\000d\000o\000\040\000d\000e\000\040\000E\000u\000l\000e\000r}{part.10}% 404
\BOOKMARK [1][-]{section.56.1}{\376\377\000M\000\351\000t\000o\000d\000o\000\040\000d\000e\000\040\000E\000u\000l\000e\000r\000\040\000M\000e\000l\000h\000o\000r\000a\000d\000o}{chapter.56}% 405
\BOOKMARK [2][-]{subsection.56.1.1}{\376\377\000I\000m\000p\000l\000e\000m\000e\000n\000t\000a\000\347\000\343\000o\000\040\000c\000o\000m\000p\000u\000t\000a\000c\000i\000o\000n\000a\000l}{section.56.1}% 406
\BOOKMARK [1][-]{section.56.2}{\376\377\000M\000\351\000t\000o\000d\000o\000\040\000d\000o\000\040\000P\000o\000n\000t\000o\000\040\000M\000\351\000d\000i\000o\000\040\000\050\000o\000u\000\040\000P\000o\000n\000t\000o\000\040\000C\000e\000n\000t\000r\000a\000l\000\051}{chapter.56}% 407
\BOOKMARK [0][-]{chapter.57}{\376\377\000E\000s\000t\000a\000b\000i\000l\000i\000d\000a\000d\000e\000\040\000N\000u\000m\000\351\000r\000i\000c\000a\000\040\000p\000a\000r\000a\000\040\000o\000\040\000M\000\351\000t\000o\000d\000o\000\040\000d\000e\000\040\000E\000u\000l\000e\000r}{part.10}% 408
\BOOKMARK [1][-]{section.57.1}{\376\377\000N\000o\000t\000a\000s\000\040\000s\000o\000b\000r\000e\000\040\000a\000n\000\341\000l\000i\000s\000e\000\040\000d\000e\000\040\000e\000s\000t\000a\000b\000i\000l\000i\000d\000a\000d\000e}{chapter.57}% 409
\BOOKMARK [2][-]{subsection.57.1.1}{\376\377\000R\000e\000g\000i\000\343\000o\000\040\000d\000e\000\040\000e\000s\000t\000a\000b\000i\000l\000i\000d\000a\000d\000e}{section.57.1}% 410
\BOOKMARK [0][-]{chapter.58}{\376\377\000M\000\351\000t\000o\000d\000o\000\040\000d\000e\000\040\000E\000u\000l\000e\000r\000\040\000I\000m\000p\000l\000\355\000c\000i\000t\000o}{part.10}% 411
\BOOKMARK [0][-]{chapter.59}{\376\377\000C\000\363\000d\000i\000g\000o\000\040\000p\000r\000e\000d\000i\000t\000o\000r\000/\000c\000o\000r\000r\000e\000t\000o\000r}{part.10}% 412
\BOOKMARK [0][-]{chapter.60}{\376\377\000M\000\351\000t\000o\000d\000o\000\040\000T\000r\000a\000p\000e\000z\000o\000i\000d\000a\000l}{part.10}% 413
\BOOKMARK [0][-]{chapter.61}{\376\377\000M\000\351\000t\000o\000d\000o\000s\000\040\000d\000e\000\040\000A\000d\000a\000m\000s\000-\000B\000a\000s\000h\000f\000o\000r\000t}{part.10}% 414
\BOOKMARK [0][-]{chapter.62}{\376\377\000E\000D\000O\000s\000\040\000d\000e\000\040\000o\000r\000d\000e\000m\000\040\000s\000u\000p\000e\000r\000i\000o\000r\000\040\000\050\000r\000e\000d\000u\000\347\000\343\000o\000\040\000d\000e\000\040\000o\000r\000d\000e\000m\000\051}{part.10}% 415
\BOOKMARK [1][-]{section.62.1}{\376\377\000M\000o\000v\000i\000m\000e\000n\000t\000o\000\040\000p\000e\000n\000d\000u\000l\000a\000r\000\040\000s\000i\000m\000p\000l\000e\000s}{chapter.62}% 416
\BOOKMARK [1][-]{section.62.2}{\376\377\000H\000i\000p\000\363\000t\000e\000s\000e\000\040\000d\000e\000\040\000\342\000n\000g\000u\000l\000o\000s\000\040\000p\000e\000q\000u\000e\000n\000o\000s}{chapter.62}% 417
\BOOKMARK [1][-]{section.62.3}{\376\377\000C\000a\000s\000o\000\040\000g\000e\000r\000a\000l\000\040\000d\000e\000\040\000o\000r\000d\000e\000m\000\040\000m}{chapter.62}% 418
\BOOKMARK [0][-]{chapter.63}{\376\377\000P\000r\000o\000b\000l\000e\000m\000a\000s}{part.10}% 419
\BOOKMARK [0][-]{chapter.64}{\376\377\000S\000i\000s\000t\000e\000m\000a\000s\000\040\000d\000e\000\040\000E\000D\000O\000s}{part.10}% 420
\BOOKMARK [1][-]{section.64.1}{\376\377\000S\000i\000s\000t\000e\000m\000a\000\040\000c\000o\000m\000\040\000m\000\040\000E\000D\000O\000s\000\040\000d\000e\000\040\000p\000r\000i\000m\000e\000i\000r\000a\000\040\000o\000r\000d\000e\000m}{chapter.64}% 421
\BOOKMARK [1][-]{section.64.2}{\376\377\000M\000\351\000t\000o\000d\000o\000s\000\040\000n\000u\000m\000\351\000r\000i\000c\000o\000s\000\040\000p\000a\000r\000a\000\040\000s\000i\000s\000t\000e\000m\000a\000s}{chapter.64}% 422
\BOOKMARK [2][-]{subsection.64.2.1}{\376\377\000I\000m\000p\000l\000e\000m\000e\000n\000t\000a\000\347\000\343\000o\000\040\000c\000o\000m\000p\000u\000t\000a\000c\000i\000o\000n\000a\000l}{section.64.2}% 423
\BOOKMARK [1][-]{section.64.3}{\376\377\000P\000r\000o\000b\000l\000e\000m\000a\000s}{chapter.64}% 424
\BOOKMARK [0][-]{chapter.65}{\376\377\000M\000\351\000t\000o\000d\000o\000\040\000d\000a\000s\000\040\000L\000i\000n\000h\000a\000s}{part.10}% 425
